[31m2024-04-28 02:10:11[0;39m [32m[restartedMain][0;39m [34mINFO [0;39m [1;35mcom.ashuo.scms.ScmsApplication[0;39m [logStarting,55]- Starting ScmsApplication on LAPTOP-SPLVS3O7 with PID 32228 (D:\SCMS\scms\target\classes started by 86187 in D:\SCMS)
[31m2024-04-28 02:10:11[0;39m [32m[restartedMain][0;39m [34mINFO [0;39m [1;35mcom.ashuo.scms.ScmsApplication[0;39m [logStartupProfileInfo,651]- No active profile set, falling back to default profiles: default
[31m2024-04-28 02:10:12[0;39m [32m[restartedMain][0;39m [34mINFO [0;39m [1;35mo.s.b.d.restart.ChangeableUrls[0;39m [logTo,225]- The Class-Path manifest attribute in D:\openrepository\org\glassfish\jaxb\jaxb-runtime\2.3.2\jaxb-runtime-2.3.2.jar referenced one or more files that do not exist: file:/D:/openrepository/org/glassfish/jaxb/jaxb-runtime/2.3.2/jakarta.xml.bind-api-2.3.2.jar,file:/D:/openrepository/org/glassfish/jaxb/jaxb-runtime/2.3.2/txw2-2.3.2.jar,file:/D:/openrepository/org/glassfish/jaxb/jaxb-runtime/2.3.2/istack-commons-runtime-3.0.8.jar,file:/D:/openrepository/org/glassfish/jaxb/jaxb-runtime/2.3.2/stax-ex-1.8.1.jar,file:/D:/openrepository/org/glassfish/jaxb/jaxb-runtime/2.3.2/FastInfoset-1.2.16.jar,file:/D:/openrepository/org/glassfish/jaxb/jaxb-runtime/2.3.2/jakarta.activation-api-1.2.1.jar
[31m2024-04-28 02:10:12[0;39m [32m[restartedMain][0;39m [34mINFO [0;39m [1;35mo.s.b.d.e.DevToolsPropertyDefaultsPostProcessor[0;39m [logTo,225]- Devtools property defaults active! Set 'spring.devtools.add-properties' to 'false' to disable
[31m2024-04-28 02:10:12[0;39m [32m[restartedMain][0;39m [34mINFO [0;39m [1;35mo.s.b.d.e.DevToolsPropertyDefaultsPostProcessor[0;39m [logTo,225]- For additional web related logging consider setting the 'logging.level.web' property to 'DEBUG'
[31m2024-04-28 02:10:12[0;39m [32m[restartedMain][0;39m [31mWARN [0;39m [1;35mo.m.s.mapper.ClassPathMapperScanner[0;39m [warn,44]- No MyBatis mapper was found in '[com.ashuo.scms]' package. Please check your configuration.
[31m2024-04-28 02:10:13[0;39m [32m[restartedMain][0;39m [34mINFO [0;39m [1;35mo.s.c.s.PostProcessorRegistrationDelegate$BeanPostProcessorChecker[0;39m [postProcessAfterInitialization,330]- Bean 'shiroConfig' of type [com.ashuo.scms.config.ShiroConfig$$EnhancerBySpringCGLIB$$19d6a200] is not eligible for getting processed by all BeanPostProcessors (for example: not eligible for auto-proxying)
[31m2024-04-28 02:10:13[0;39m [32m[restartedMain][0;39m [34mINFO [0;39m [1;35mo.s.c.s.PostProcessorRegistrationDelegate$BeanPostProcessorChecker[0;39m [postProcessAfterInitialization,330]- Bean 'mybatis-plus-com.baomidou.mybatisplus.autoconfigure.MybatisPlusProperties' of type [com.baomidou.mybatisplus.autoconfigure.MybatisPlusProperties] is not eligible for getting processed by all BeanPostProcessors (for example: not eligible for auto-proxying)
[31m2024-04-28 02:10:13[0;39m [32m[restartedMain][0;39m [34mINFO [0;39m [1;35mo.s.c.s.PostProcessorRegistrationDelegate$BeanPostProcessorChecker[0;39m [postProcessAfterInitialization,330]- Bean 'mybatisPlusConfig' of type [com.ashuo.scms.config.MybatisPlusConfig$$EnhancerBySpringCGLIB$$1e9007dc] is not eligible for getting processed by all BeanPostProcessors (for example: not eligible for auto-proxying)
[31m2024-04-28 02:10:13[0;39m [32m[restartedMain][0;39m [34mINFO [0;39m [1;35mo.s.c.s.PostProcessorRegistrationDelegate$BeanPostProcessorChecker[0;39m [postProcessAfterInitialization,330]- Bean 'paginationInterceptor' of type [com.baomidou.mybatisplus.extension.plugins.PaginationInterceptor] is not eligible for getting processed by all BeanPostProcessors (for example: not eligible for auto-proxying)
[31m2024-04-28 02:10:13[0;39m [32m[restartedMain][0;39m [34mINFO [0;39m [1;35mo.s.c.s.PostProcessorRegistrationDelegate$BeanPostProcessorChecker[0;39m [postProcessAfterInitialization,330]- Bean 'com.baomidou.mybatisplus.autoconfigure.MybatisPlusAutoConfiguration' of type [com.baomidou.mybatisplus.autoconfigure.MybatisPlusAutoConfiguration$$EnhancerBySpringCGLIB$$f5703001] is not eligible for getting processed by all BeanPostProcessors (for example: not eligible for auto-proxying)
[31m2024-04-28 02:10:13[0;39m [32m[restartedMain][0;39m [34mINFO [0;39m [1;35mo.s.c.s.PostProcessorRegistrationDelegate$BeanPostProcessorChecker[0;39m [postProcessAfterInitialization,330]- Bean 'com.alibaba.druid.spring.boot.autoconfigure.DruidDataSourceAutoConfigure' of type [com.alibaba.druid.spring.boot.autoconfigure.DruidDataSourceAutoConfigure$$EnhancerBySpringCGLIB$$d153b8d9] is not eligible for getting processed by all BeanPostProcessors (for example: not eligible for auto-proxying)
[31m2024-04-28 02:10:13[0;39m [32m[restartedMain][0;39m [34mINFO [0;39m [1;35mc.a.d.s.b.a.DruidDataSourceAutoConfigure[0;39m [dataSource,56]- Init DruidDataSource
[31m2024-04-28 02:10:13[0;39m [32m[restartedMain][0;39m [34mINFO [0;39m [1;35mo.s.c.s.PostProcessorRegistrationDelegate$BeanPostProcessorChecker[0;39m [postProcessAfterInitialization,330]- Bean 'spring.datasource-org.springframework.boot.autoconfigure.jdbc.DataSourceProperties' of type [org.springframework.boot.autoconfigure.jdbc.DataSourceProperties] is not eligible for getting processed by all BeanPostProcessors (for example: not eligible for auto-proxying)
[31m2024-04-28 02:10:13[0;39m [32m[restartedMain][0;39m [34mINFO [0;39m [1;35mc.alibaba.druid.pool.DruidDataSource[0;39m [init,985]- {dataSource-1} inited
[31m2024-04-28 02:10:13[0;39m [32m[restartedMain][0;39m [34mINFO [0;39m [1;35mo.s.c.s.PostProcessorRegistrationDelegate$BeanPostProcessorChecker[0;39m [postProcessAfterInitialization,330]- Bean 'dataSource' of type [com.alibaba.druid.spring.boot.autoconfigure.DruidDataSourceWrapper] is not eligible for getting processed by all BeanPostProcessors (for example: not eligible for auto-proxying)
[31m2024-04-28 02:10:13[0;39m [32m[restartedMain][0;39m [34mINFO [0;39m [1;35mo.s.c.s.PostProcessorRegistrationDelegate$BeanPostProcessorChecker[0;39m [postProcessAfterInitialization,330]- Bean 'sqlSessionFactory' of type [org.apache.ibatis.session.defaults.DefaultSqlSessionFactory] is not eligible for getting processed by all BeanPostProcessors (for example: not eligible for auto-proxying)
[31m2024-04-28 02:10:13[0;39m [32m[restartedMain][0;39m [34mINFO [0;39m [1;35mo.s.c.s.PostProcessorRegistrationDelegate$BeanPostProcessorChecker[0;39m [postProcessAfterInitialization,330]- Bean 'sqlSessionTemplate' of type [org.mybatis.spring.SqlSessionTemplate] is not eligible for getting processed by all BeanPostProcessors (for example: not eligible for auto-proxying)
[31m2024-04-28 02:10:13[0;39m [32m[restartedMain][0;39m [34mINFO [0;39m [1;35mo.s.c.s.PostProcessorRegistrationDelegate$BeanPostProcessorChecker[0;39m [postProcessAfterInitialization,330]- Bean 'userMapper' of type [org.mybatis.spring.mapper.MapperFactoryBean] is not eligible for getting processed by all BeanPostProcessors (for example: not eligible for auto-proxying)
[31m2024-04-28 02:10:13[0;39m [32m[restartedMain][0;39m [34mINFO [0;39m [1;35mo.s.c.s.PostProcessorRegistrationDelegate$BeanPostProcessorChecker[0;39m [postProcessAfterInitialization,330]- Bean 'userMapper' of type [jdk.proxy3.$Proxy85] is not eligible for getting processed by all BeanPostProcessors (for example: not eligible for auto-proxying)
[31m2024-04-28 02:10:13[0;39m [32m[restartedMain][0;39m [34mINFO [0;39m [1;35mo.s.c.s.PostProcessorRegistrationDelegate$BeanPostProcessorChecker[0;39m [postProcessAfterInitialization,330]- Bean 'userServiceImpl' of type [com.ashuo.scms.service.impl.UserServiceImpl] is not eligible for getting processed by all BeanPostProcessors (for example: not eligible for auto-proxying)
[31m2024-04-28 02:10:13[0;39m [32m[restartedMain][0;39m [34mINFO [0;39m [1;35mo.s.c.s.PostProcessorRegistrationDelegate$BeanPostProcessorChecker[0;39m [postProcessAfterInitialization,330]- Bean 'accountRealm' of type [com.ashuo.scms.shiro.AccountRealm] is not eligible for getting processed by all BeanPostProcessors (for example: not eligible for auto-proxying)
[31m2024-04-28 02:10:13[0;39m [32m[restartedMain][0;39m [34mINFO [0;39m [1;35mo.s.c.s.PostProcessorRegistrationDelegate$BeanPostProcessorChecker[0;39m [postProcessAfterInitialization,330]- Bean 'securityManager' of type [org.apache.shiro.web.mgt.DefaultWebSecurityManager] is not eligible for getting processed by all BeanPostProcessors (for example: not eligible for auto-proxying)
[31m2024-04-28 02:10:13[0;39m [32m[restartedMain][0;39m [34mINFO [0;39m [1;35mo.s.c.s.PostProcessorRegistrationDelegate$BeanPostProcessorChecker[0;39m [postProcessAfterInitialization,330]- Bean 'authorizationAttributeSourceAdvisor' of type [org.apache.shiro.spring.security.interceptor.AuthorizationAttributeSourceAdvisor] is not eligible for getting processed by all BeanPostProcessors (for example: not eligible for auto-proxying)
[31m2024-04-28 02:10:14[0;39m [32m[restartedMain][0;39m [34mINFO [0;39m [1;35mo.s.b.w.e.tomcat.TomcatWebServer[0;39m [initialize,92]- Tomcat initialized with port(s): 8088 (http)
[31m2024-04-28 02:10:14[0;39m [32m[restartedMain][0;39m [34mINFO [0;39m [1;35mo.a.coyote.http11.Http11NioProtocol[0;39m [log,173]- Initializing ProtocolHandler ["http-nio-8088"]
[31m2024-04-28 02:10:14[0;39m [32m[restartedMain][0;39m [34mINFO [0;39m [1;35mo.a.catalina.core.StandardService[0;39m [log,173]- Starting service [Tomcat]
[31m2024-04-28 02:10:14[0;39m [32m[restartedMain][0;39m [34mINFO [0;39m [1;35mo.a.catalina.core.StandardEngine[0;39m [log,173]- Starting Servlet engine: [Apache Tomcat/9.0.33]
[31m2024-04-28 02:10:14[0;39m [32m[restartedMain][0;39m [34mINFO [0;39m [1;35mo.a.c.core.AprLifecycleListener[0;39m [log,173]- Loaded APR based Apache Tomcat Native library [1.2.36] using APR version [1.7.2].
[31m2024-04-28 02:10:14[0;39m [32m[restartedMain][0;39m [34mINFO [0;39m [1;35mo.a.c.core.AprLifecycleListener[0;39m [log,173]- APR capabilities: IPv6 [true], sendfile [true], accept filters [false], random [true].
[31m2024-04-28 02:10:14[0;39m [32m[restartedMain][0;39m [34mINFO [0;39m [1;35mo.a.c.core.AprLifecycleListener[0;39m [log,173]- APR/OpenSSL configuration: useAprConnector [false], useOpenSSL [true]
[31m2024-04-28 02:10:14[0;39m [32m[restartedMain][0;39m [34mINFO [0;39m [1;35mo.a.c.core.AprLifecycleListener[0;39m [log,173]- OpenSSL successfully initialized [OpenSSL 1.1.1t  7 Feb 2023]
[31m2024-04-28 02:10:14[0;39m [32m[restartedMain][0;39m [34mINFO [0;39m [1;35mo.a.c.c.C.[Tomcat].[localhost].[/][0;39m [log,173]- Initializing Spring embedded WebApplicationContext
[31m2024-04-28 02:10:14[0;39m [32m[restartedMain][0;39m [34mINFO [0;39m [1;35mo.s.web.context.ContextLoader[0;39m [prepareWebApplicationContext,284]- Root WebApplicationContext: initialization completed in 2583 ms
[31m2024-04-28 02:10:14[0;39m [32m[restartedMain][0;39m [31mWARN [0;39m [1;35mo.s.b.w.s.c.AnnotationConfigServletWebServerApplicationContext[0;39m [refresh,558]- Exception encountered during context initialization - cancelling refresh attempt: org.springframework.beans.factory.UnsatisfiedDependencyException: Error creating bean with name 'athleteController': Unsatisfied dependency expressed through field 'caipanService'; nested exception is org.springframework.beans.factory.NoSuchBeanDefinitionException: No qualifying bean of type 'com.ashuo.scms.service.CaipanService' available: expected at least 1 bean which qualifies as autowire candidate. Dependency annotations: {@org.springframework.beans.factory.annotation.Autowired(required=true)}
[31m2024-04-28 02:10:14[0;39m [32m[restartedMain][0;39m [34mINFO [0;39m [1;35mc.alibaba.druid.pool.DruidDataSource[0;39m [close,2032]- {dataSource-1} closing ...
[31m2024-04-28 02:10:14[0;39m [32m[restartedMain][0;39m [34mINFO [0;39m [1;35mc.alibaba.druid.pool.DruidDataSource[0;39m [close,2104]- {dataSource-1} closed
[31m2024-04-28 02:10:14[0;39m [32m[restartedMain][0;39m [34mINFO [0;39m [1;35mo.a.catalina.core.StandardService[0;39m [log,173]- Stopping service [Tomcat]
[31m2024-04-28 02:10:14[0;39m [32m[restartedMain][0;39m [34mINFO [0;39m [1;35mo.s.b.a.l.ConditionEvaluationReportLoggingListener[0;39m [logMessage,136]- 

Error starting ApplicationContext. To display the conditions report re-run your application with 'debug' enabled.
[31m2024-04-28 02:12:13[0;39m [32m[restartedMain][0;39m [34mINFO [0;39m [1;35mcom.ashuo.scms.ScmsApplication[0;39m [logStarting,55]- Starting ScmsApplication on LAPTOP-SPLVS3O7 with PID 31548 (D:\SCMS\scms\target\classes started by 86187 in D:\SCMS)
[31m2024-04-28 02:12:13[0;39m [32m[restartedMain][0;39m [34mINFO [0;39m [1;35mcom.ashuo.scms.ScmsApplication[0;39m [logStartupProfileInfo,651]- No active profile set, falling back to default profiles: default
[31m2024-04-28 02:12:13[0;39m [32m[restartedMain][0;39m [34mINFO [0;39m [1;35mo.s.b.d.restart.ChangeableUrls[0;39m [logTo,225]- The Class-Path manifest attribute in D:\openrepository\org\glassfish\jaxb\jaxb-runtime\2.3.2\jaxb-runtime-2.3.2.jar referenced one or more files that do not exist: file:/D:/openrepository/org/glassfish/jaxb/jaxb-runtime/2.3.2/jakarta.xml.bind-api-2.3.2.jar,file:/D:/openrepository/org/glassfish/jaxb/jaxb-runtime/2.3.2/txw2-2.3.2.jar,file:/D:/openrepository/org/glassfish/jaxb/jaxb-runtime/2.3.2/istack-commons-runtime-3.0.8.jar,file:/D:/openrepository/org/glassfish/jaxb/jaxb-runtime/2.3.2/stax-ex-1.8.1.jar,file:/D:/openrepository/org/glassfish/jaxb/jaxb-runtime/2.3.2/FastInfoset-1.2.16.jar,file:/D:/openrepository/org/glassfish/jaxb/jaxb-runtime/2.3.2/jakarta.activation-api-1.2.1.jar
[31m2024-04-28 02:12:13[0;39m [32m[restartedMain][0;39m [34mINFO [0;39m [1;35mo.s.b.d.e.DevToolsPropertyDefaultsPostProcessor[0;39m [logTo,225]- Devtools property defaults active! Set 'spring.devtools.add-properties' to 'false' to disable
[31m2024-04-28 02:12:13[0;39m [32m[restartedMain][0;39m [34mINFO [0;39m [1;35mo.s.b.d.e.DevToolsPropertyDefaultsPostProcessor[0;39m [logTo,225]- For additional web related logging consider setting the 'logging.level.web' property to 'DEBUG'
[31m2024-04-28 02:12:14[0;39m [32m[restartedMain][0;39m [31mWARN [0;39m [1;35mo.m.s.mapper.ClassPathMapperScanner[0;39m [warn,44]- No MyBatis mapper was found in '[com.ashuo.scms]' package. Please check your configuration.
[31m2024-04-28 02:12:14[0;39m [32m[restartedMain][0;39m [34mINFO [0;39m [1;35mo.s.c.s.PostProcessorRegistrationDelegate$BeanPostProcessorChecker[0;39m [postProcessAfterInitialization,330]- Bean 'shiroConfig' of type [com.ashuo.scms.config.ShiroConfig$$EnhancerBySpringCGLIB$$b78ec20f] is not eligible for getting processed by all BeanPostProcessors (for example: not eligible for auto-proxying)
[31m2024-04-28 02:12:14[0;39m [32m[restartedMain][0;39m [34mINFO [0;39m [1;35mo.s.c.s.PostProcessorRegistrationDelegate$BeanPostProcessorChecker[0;39m [postProcessAfterInitialization,330]- Bean 'mybatis-plus-com.baomidou.mybatisplus.autoconfigure.MybatisPlusProperties' of type [com.baomidou.mybatisplus.autoconfigure.MybatisPlusProperties] is not eligible for getting processed by all BeanPostProcessors (for example: not eligible for auto-proxying)
[31m2024-04-28 02:12:14[0;39m [32m[restartedMain][0;39m [34mINFO [0;39m [1;35mo.s.c.s.PostProcessorRegistrationDelegate$BeanPostProcessorChecker[0;39m [postProcessAfterInitialization,330]- Bean 'mybatisPlusConfig' of type [com.ashuo.scms.config.MybatisPlusConfig$$EnhancerBySpringCGLIB$$bc4827eb] is not eligible for getting processed by all BeanPostProcessors (for example: not eligible for auto-proxying)
[31m2024-04-28 02:12:14[0;39m [32m[restartedMain][0;39m [34mINFO [0;39m [1;35mo.s.c.s.PostProcessorRegistrationDelegate$BeanPostProcessorChecker[0;39m [postProcessAfterInitialization,330]- Bean 'paginationInterceptor' of type [com.baomidou.mybatisplus.extension.plugins.PaginationInterceptor] is not eligible for getting processed by all BeanPostProcessors (for example: not eligible for auto-proxying)
[31m2024-04-28 02:12:14[0;39m [32m[restartedMain][0;39m [34mINFO [0;39m [1;35mo.s.c.s.PostProcessorRegistrationDelegate$BeanPostProcessorChecker[0;39m [postProcessAfterInitialization,330]- Bean 'com.baomidou.mybatisplus.autoconfigure.MybatisPlusAutoConfiguration' of type [com.baomidou.mybatisplus.autoconfigure.MybatisPlusAutoConfiguration$$EnhancerBySpringCGLIB$$93285010] is not eligible for getting processed by all BeanPostProcessors (for example: not eligible for auto-proxying)
[31m2024-04-28 02:12:14[0;39m [32m[restartedMain][0;39m [34mINFO [0;39m [1;35mo.s.c.s.PostProcessorRegistrationDelegate$BeanPostProcessorChecker[0;39m [postProcessAfterInitialization,330]- Bean 'com.alibaba.druid.spring.boot.autoconfigure.DruidDataSourceAutoConfigure' of type [com.alibaba.druid.spring.boot.autoconfigure.DruidDataSourceAutoConfigure$$EnhancerBySpringCGLIB$$6f0bd8e8] is not eligible for getting processed by all BeanPostProcessors (for example: not eligible for auto-proxying)
[31m2024-04-28 02:12:14[0;39m [32m[restartedMain][0;39m [34mINFO [0;39m [1;35mc.a.d.s.b.a.DruidDataSourceAutoConfigure[0;39m [dataSource,56]- Init DruidDataSource
[31m2024-04-28 02:12:14[0;39m [32m[restartedMain][0;39m [34mINFO [0;39m [1;35mo.s.c.s.PostProcessorRegistrationDelegate$BeanPostProcessorChecker[0;39m [postProcessAfterInitialization,330]- Bean 'spring.datasource-org.springframework.boot.autoconfigure.jdbc.DataSourceProperties' of type [org.springframework.boot.autoconfigure.jdbc.DataSourceProperties] is not eligible for getting processed by all BeanPostProcessors (for example: not eligible for auto-proxying)
[31m2024-04-28 02:12:15[0;39m [32m[restartedMain][0;39m [34mINFO [0;39m [1;35mc.alibaba.druid.pool.DruidDataSource[0;39m [init,985]- {dataSource-1} inited
[31m2024-04-28 02:12:15[0;39m [32m[restartedMain][0;39m [34mINFO [0;39m [1;35mo.s.c.s.PostProcessorRegistrationDelegate$BeanPostProcessorChecker[0;39m [postProcessAfterInitialization,330]- Bean 'dataSource' of type [com.alibaba.druid.spring.boot.autoconfigure.DruidDataSourceWrapper] is not eligible for getting processed by all BeanPostProcessors (for example: not eligible for auto-proxying)
[31m2024-04-28 02:12:15[0;39m [32m[restartedMain][0;39m [34mINFO [0;39m [1;35mo.s.c.s.PostProcessorRegistrationDelegate$BeanPostProcessorChecker[0;39m [postProcessAfterInitialization,330]- Bean 'sqlSessionFactory' of type [org.apache.ibatis.session.defaults.DefaultSqlSessionFactory] is not eligible for getting processed by all BeanPostProcessors (for example: not eligible for auto-proxying)
[31m2024-04-28 02:12:15[0;39m [32m[restartedMain][0;39m [34mINFO [0;39m [1;35mo.s.c.s.PostProcessorRegistrationDelegate$BeanPostProcessorChecker[0;39m [postProcessAfterInitialization,330]- Bean 'sqlSessionTemplate' of type [org.mybatis.spring.SqlSessionTemplate] is not eligible for getting processed by all BeanPostProcessors (for example: not eligible for auto-proxying)
[31m2024-04-28 02:12:15[0;39m [32m[restartedMain][0;39m [34mINFO [0;39m [1;35mo.s.c.s.PostProcessorRegistrationDelegate$BeanPostProcessorChecker[0;39m [postProcessAfterInitialization,330]- Bean 'userMapper' of type [org.mybatis.spring.mapper.MapperFactoryBean] is not eligible for getting processed by all BeanPostProcessors (for example: not eligible for auto-proxying)
[31m2024-04-28 02:12:15[0;39m [32m[restartedMain][0;39m [34mINFO [0;39m [1;35mo.s.c.s.PostProcessorRegistrationDelegate$BeanPostProcessorChecker[0;39m [postProcessAfterInitialization,330]- Bean 'userMapper' of type [jdk.proxy3.$Proxy85] is not eligible for getting processed by all BeanPostProcessors (for example: not eligible for auto-proxying)
[31m2024-04-28 02:12:15[0;39m [32m[restartedMain][0;39m [34mINFO [0;39m [1;35mo.s.c.s.PostProcessorRegistrationDelegate$BeanPostProcessorChecker[0;39m [postProcessAfterInitialization,330]- Bean 'userServiceImpl' of type [com.ashuo.scms.service.impl.UserServiceImpl] is not eligible for getting processed by all BeanPostProcessors (for example: not eligible for auto-proxying)
[31m2024-04-28 02:12:15[0;39m [32m[restartedMain][0;39m [34mINFO [0;39m [1;35mo.s.c.s.PostProcessorRegistrationDelegate$BeanPostProcessorChecker[0;39m [postProcessAfterInitialization,330]- Bean 'accountRealm' of type [com.ashuo.scms.shiro.AccountRealm] is not eligible for getting processed by all BeanPostProcessors (for example: not eligible for auto-proxying)
[31m2024-04-28 02:12:15[0;39m [32m[restartedMain][0;39m [34mINFO [0;39m [1;35mo.s.c.s.PostProcessorRegistrationDelegate$BeanPostProcessorChecker[0;39m [postProcessAfterInitialization,330]- Bean 'securityManager' of type [org.apache.shiro.web.mgt.DefaultWebSecurityManager] is not eligible for getting processed by all BeanPostProcessors (for example: not eligible for auto-proxying)
[31m2024-04-28 02:12:15[0;39m [32m[restartedMain][0;39m [34mINFO [0;39m [1;35mo.s.c.s.PostProcessorRegistrationDelegate$BeanPostProcessorChecker[0;39m [postProcessAfterInitialization,330]- Bean 'authorizationAttributeSourceAdvisor' of type [org.apache.shiro.spring.security.interceptor.AuthorizationAttributeSourceAdvisor] is not eligible for getting processed by all BeanPostProcessors (for example: not eligible for auto-proxying)
[31m2024-04-28 02:12:15[0;39m [32m[restartedMain][0;39m [34mINFO [0;39m [1;35mo.s.b.w.e.tomcat.TomcatWebServer[0;39m [initialize,92]- Tomcat initialized with port(s): 8088 (http)
[31m2024-04-28 02:12:15[0;39m [32m[restartedMain][0;39m [34mINFO [0;39m [1;35mo.a.coyote.http11.Http11NioProtocol[0;39m [log,173]- Initializing ProtocolHandler ["http-nio-8088"]
[31m2024-04-28 02:12:15[0;39m [32m[restartedMain][0;39m [34mINFO [0;39m [1;35mo.a.catalina.core.StandardService[0;39m [log,173]- Starting service [Tomcat]
[31m2024-04-28 02:12:15[0;39m [32m[restartedMain][0;39m [34mINFO [0;39m [1;35mo.a.catalina.core.StandardEngine[0;39m [log,173]- Starting Servlet engine: [Apache Tomcat/9.0.33]
[31m2024-04-28 02:12:15[0;39m [32m[restartedMain][0;39m [34mINFO [0;39m [1;35mo.a.c.core.AprLifecycleListener[0;39m [log,173]- Loaded APR based Apache Tomcat Native library [1.2.36] using APR version [1.7.2].
[31m2024-04-28 02:12:15[0;39m [32m[restartedMain][0;39m [34mINFO [0;39m [1;35mo.a.c.core.AprLifecycleListener[0;39m [log,173]- APR capabilities: IPv6 [true], sendfile [true], accept filters [false], random [true].
[31m2024-04-28 02:12:15[0;39m [32m[restartedMain][0;39m [34mINFO [0;39m [1;35mo.a.c.core.AprLifecycleListener[0;39m [log,173]- APR/OpenSSL configuration: useAprConnector [false], useOpenSSL [true]
[31m2024-04-28 02:12:15[0;39m [32m[restartedMain][0;39m [34mINFO [0;39m [1;35mo.a.c.core.AprLifecycleListener[0;39m [log,173]- OpenSSL successfully initialized [OpenSSL 1.1.1t  7 Feb 2023]
[31m2024-04-28 02:12:15[0;39m [32m[restartedMain][0;39m [34mINFO [0;39m [1;35mo.a.c.c.C.[Tomcat].[localhost].[/][0;39m [log,173]- Initializing Spring embedded WebApplicationContext
[31m2024-04-28 02:12:15[0;39m [32m[restartedMain][0;39m [34mINFO [0;39m [1;35mo.s.web.context.ContextLoader[0;39m [prepareWebApplicationContext,284]- Root WebApplicationContext: initialization completed in 2030 ms
[31m2024-04-28 02:12:15[0;39m [32m[restartedMain][0;39m [31mWARN [0;39m [1;35mo.s.b.w.s.c.AnnotationConfigServletWebServerApplicationContext[0;39m [refresh,558]- Exception encountered during context initialization - cancelling refresh attempt: org.springframework.beans.factory.UnsatisfiedDependencyException: Error creating bean with name 'equipmentController': Unsatisfied dependency expressed through field 'borrowService'; nested exception is org.springframework.beans.factory.NoSuchBeanDefinitionException: No qualifying bean of type 'com.ashuo.scms.service.BorrowService' available: expected at least 1 bean which qualifies as autowire candidate. Dependency annotations: {@org.springframework.beans.factory.annotation.Autowired(required=true)}
[31m2024-04-28 02:12:15[0;39m [32m[restartedMain][0;39m [34mINFO [0;39m [1;35mc.alibaba.druid.pool.DruidDataSource[0;39m [close,2032]- {dataSource-1} closing ...
[31m2024-04-28 02:12:15[0;39m [32m[restartedMain][0;39m [34mINFO [0;39m [1;35mc.alibaba.druid.pool.DruidDataSource[0;39m [close,2104]- {dataSource-1} closed
[31m2024-04-28 02:12:16[0;39m [32m[restartedMain][0;39m [34mINFO [0;39m [1;35mo.a.catalina.core.StandardService[0;39m [log,173]- Stopping service [Tomcat]
[31m2024-04-28 02:12:16[0;39m [32m[restartedMain][0;39m [34mINFO [0;39m [1;35mo.s.b.a.l.ConditionEvaluationReportLoggingListener[0;39m [logMessage,136]- 

Error starting ApplicationContext. To display the conditions report re-run your application with 'debug' enabled.
[31m2024-04-28 02:12:44[0;39m [32m[restartedMain][0;39m [34mINFO [0;39m [1;35mcom.ashuo.scms.ScmsApplication[0;39m [logStarting,55]- Starting ScmsApplication on LAPTOP-SPLVS3O7 with PID 24584 (D:\SCMS\scms\target\classes started by 86187 in D:\SCMS)
[31m2024-04-28 02:12:44[0;39m [32m[restartedMain][0;39m [34mINFO [0;39m [1;35mcom.ashuo.scms.ScmsApplication[0;39m [logStartupProfileInfo,651]- No active profile set, falling back to default profiles: default
[31m2024-04-28 02:12:44[0;39m [32m[restartedMain][0;39m [34mINFO [0;39m [1;35mo.s.b.d.restart.ChangeableUrls[0;39m [logTo,225]- The Class-Path manifest attribute in D:\openrepository\org\glassfish\jaxb\jaxb-runtime\2.3.2\jaxb-runtime-2.3.2.jar referenced one or more files that do not exist: file:/D:/openrepository/org/glassfish/jaxb/jaxb-runtime/2.3.2/jakarta.xml.bind-api-2.3.2.jar,file:/D:/openrepository/org/glassfish/jaxb/jaxb-runtime/2.3.2/txw2-2.3.2.jar,file:/D:/openrepository/org/glassfish/jaxb/jaxb-runtime/2.3.2/istack-commons-runtime-3.0.8.jar,file:/D:/openrepository/org/glassfish/jaxb/jaxb-runtime/2.3.2/stax-ex-1.8.1.jar,file:/D:/openrepository/org/glassfish/jaxb/jaxb-runtime/2.3.2/FastInfoset-1.2.16.jar,file:/D:/openrepository/org/glassfish/jaxb/jaxb-runtime/2.3.2/jakarta.activation-api-1.2.1.jar
[31m2024-04-28 02:12:44[0;39m [32m[restartedMain][0;39m [34mINFO [0;39m [1;35mo.s.b.d.e.DevToolsPropertyDefaultsPostProcessor[0;39m [logTo,225]- Devtools property defaults active! Set 'spring.devtools.add-properties' to 'false' to disable
[31m2024-04-28 02:12:44[0;39m [32m[restartedMain][0;39m [34mINFO [0;39m [1;35mo.s.b.d.e.DevToolsPropertyDefaultsPostProcessor[0;39m [logTo,225]- For additional web related logging consider setting the 'logging.level.web' property to 'DEBUG'
[31m2024-04-28 02:12:45[0;39m [32m[restartedMain][0;39m [31mWARN [0;39m [1;35mo.m.s.mapper.ClassPathMapperScanner[0;39m [warn,44]- No MyBatis mapper was found in '[com.ashuo.scms]' package. Please check your configuration.
[31m2024-04-28 02:12:45[0;39m [32m[restartedMain][0;39m [34mINFO [0;39m [1;35mo.s.c.s.PostProcessorRegistrationDelegate$BeanPostProcessorChecker[0;39m [postProcessAfterInitialization,330]- Bean 'shiroConfig' of type [com.ashuo.scms.config.ShiroConfig$$EnhancerBySpringCGLIB$$cb410b9c] is not eligible for getting processed by all BeanPostProcessors (for example: not eligible for auto-proxying)
[31m2024-04-28 02:12:45[0;39m [32m[restartedMain][0;39m [34mINFO [0;39m [1;35mo.s.c.s.PostProcessorRegistrationDelegate$BeanPostProcessorChecker[0;39m [postProcessAfterInitialization,330]- Bean 'mybatis-plus-com.baomidou.mybatisplus.autoconfigure.MybatisPlusProperties' of type [com.baomidou.mybatisplus.autoconfigure.MybatisPlusProperties] is not eligible for getting processed by all BeanPostProcessors (for example: not eligible for auto-proxying)
[31m2024-04-28 02:12:45[0;39m [32m[restartedMain][0;39m [34mINFO [0;39m [1;35mo.s.c.s.PostProcessorRegistrationDelegate$BeanPostProcessorChecker[0;39m [postProcessAfterInitialization,330]- Bean 'mybatisPlusConfig' of type [com.ashuo.scms.config.MybatisPlusConfig$$EnhancerBySpringCGLIB$$cffa7178] is not eligible for getting processed by all BeanPostProcessors (for example: not eligible for auto-proxying)
[31m2024-04-28 02:12:45[0;39m [32m[restartedMain][0;39m [34mINFO [0;39m [1;35mo.s.c.s.PostProcessorRegistrationDelegate$BeanPostProcessorChecker[0;39m [postProcessAfterInitialization,330]- Bean 'paginationInterceptor' of type [com.baomidou.mybatisplus.extension.plugins.PaginationInterceptor] is not eligible for getting processed by all BeanPostProcessors (for example: not eligible for auto-proxying)
[31m2024-04-28 02:12:45[0;39m [32m[restartedMain][0;39m [34mINFO [0;39m [1;35mo.s.c.s.PostProcessorRegistrationDelegate$BeanPostProcessorChecker[0;39m [postProcessAfterInitialization,330]- Bean 'com.baomidou.mybatisplus.autoconfigure.MybatisPlusAutoConfiguration' of type [com.baomidou.mybatisplus.autoconfigure.MybatisPlusAutoConfiguration$$EnhancerBySpringCGLIB$$a6da999d] is not eligible for getting processed by all BeanPostProcessors (for example: not eligible for auto-proxying)
[31m2024-04-28 02:12:45[0;39m [32m[restartedMain][0;39m [34mINFO [0;39m [1;35mo.s.c.s.PostProcessorRegistrationDelegate$BeanPostProcessorChecker[0;39m [postProcessAfterInitialization,330]- Bean 'com.alibaba.druid.spring.boot.autoconfigure.DruidDataSourceAutoConfigure' of type [com.alibaba.druid.spring.boot.autoconfigure.DruidDataSourceAutoConfigure$$EnhancerBySpringCGLIB$$82be2275] is not eligible for getting processed by all BeanPostProcessors (for example: not eligible for auto-proxying)
[31m2024-04-28 02:12:45[0;39m [32m[restartedMain][0;39m [34mINFO [0;39m [1;35mc.a.d.s.b.a.DruidDataSourceAutoConfigure[0;39m [dataSource,56]- Init DruidDataSource
[31m2024-04-28 02:12:45[0;39m [32m[restartedMain][0;39m [34mINFO [0;39m [1;35mo.s.c.s.PostProcessorRegistrationDelegate$BeanPostProcessorChecker[0;39m [postProcessAfterInitialization,330]- Bean 'spring.datasource-org.springframework.boot.autoconfigure.jdbc.DataSourceProperties' of type [org.springframework.boot.autoconfigure.jdbc.DataSourceProperties] is not eligible for getting processed by all BeanPostProcessors (for example: not eligible for auto-proxying)
[31m2024-04-28 02:12:45[0;39m [32m[restartedMain][0;39m [34mINFO [0;39m [1;35mc.alibaba.druid.pool.DruidDataSource[0;39m [init,985]- {dataSource-1} inited
[31m2024-04-28 02:12:45[0;39m [32m[restartedMain][0;39m [34mINFO [0;39m [1;35mo.s.c.s.PostProcessorRegistrationDelegate$BeanPostProcessorChecker[0;39m [postProcessAfterInitialization,330]- Bean 'dataSource' of type [com.alibaba.druid.spring.boot.autoconfigure.DruidDataSourceWrapper] is not eligible for getting processed by all BeanPostProcessors (for example: not eligible for auto-proxying)
[31m2024-04-28 02:12:46[0;39m [32m[restartedMain][0;39m [34mINFO [0;39m [1;35mo.s.c.s.PostProcessorRegistrationDelegate$BeanPostProcessorChecker[0;39m [postProcessAfterInitialization,330]- Bean 'sqlSessionFactory' of type [org.apache.ibatis.session.defaults.DefaultSqlSessionFactory] is not eligible for getting processed by all BeanPostProcessors (for example: not eligible for auto-proxying)
[31m2024-04-28 02:12:46[0;39m [32m[restartedMain][0;39m [34mINFO [0;39m [1;35mo.s.c.s.PostProcessorRegistrationDelegate$BeanPostProcessorChecker[0;39m [postProcessAfterInitialization,330]- Bean 'sqlSessionTemplate' of type [org.mybatis.spring.SqlSessionTemplate] is not eligible for getting processed by all BeanPostProcessors (for example: not eligible for auto-proxying)
[31m2024-04-28 02:12:46[0;39m [32m[restartedMain][0;39m [34mINFO [0;39m [1;35mo.s.c.s.PostProcessorRegistrationDelegate$BeanPostProcessorChecker[0;39m [postProcessAfterInitialization,330]- Bean 'userMapper' of type [org.mybatis.spring.mapper.MapperFactoryBean] is not eligible for getting processed by all BeanPostProcessors (for example: not eligible for auto-proxying)
[31m2024-04-28 02:12:46[0;39m [32m[restartedMain][0;39m [34mINFO [0;39m [1;35mo.s.c.s.PostProcessorRegistrationDelegate$BeanPostProcessorChecker[0;39m [postProcessAfterInitialization,330]- Bean 'userMapper' of type [jdk.proxy3.$Proxy85] is not eligible for getting processed by all BeanPostProcessors (for example: not eligible for auto-proxying)
[31m2024-04-28 02:12:46[0;39m [32m[restartedMain][0;39m [34mINFO [0;39m [1;35mo.s.c.s.PostProcessorRegistrationDelegate$BeanPostProcessorChecker[0;39m [postProcessAfterInitialization,330]- Bean 'userServiceImpl' of type [com.ashuo.scms.service.impl.UserServiceImpl] is not eligible for getting processed by all BeanPostProcessors (for example: not eligible for auto-proxying)
[31m2024-04-28 02:12:46[0;39m [32m[restartedMain][0;39m [34mINFO [0;39m [1;35mo.s.c.s.PostProcessorRegistrationDelegate$BeanPostProcessorChecker[0;39m [postProcessAfterInitialization,330]- Bean 'accountRealm' of type [com.ashuo.scms.shiro.AccountRealm] is not eligible for getting processed by all BeanPostProcessors (for example: not eligible for auto-proxying)
[31m2024-04-28 02:12:46[0;39m [32m[restartedMain][0;39m [34mINFO [0;39m [1;35mo.s.c.s.PostProcessorRegistrationDelegate$BeanPostProcessorChecker[0;39m [postProcessAfterInitialization,330]- Bean 'securityManager' of type [org.apache.shiro.web.mgt.DefaultWebSecurityManager] is not eligible for getting processed by all BeanPostProcessors (for example: not eligible for auto-proxying)
[31m2024-04-28 02:12:46[0;39m [32m[restartedMain][0;39m [34mINFO [0;39m [1;35mo.s.c.s.PostProcessorRegistrationDelegate$BeanPostProcessorChecker[0;39m [postProcessAfterInitialization,330]- Bean 'authorizationAttributeSourceAdvisor' of type [org.apache.shiro.spring.security.interceptor.AuthorizationAttributeSourceAdvisor] is not eligible for getting processed by all BeanPostProcessors (for example: not eligible for auto-proxying)
[31m2024-04-28 02:12:46[0;39m [32m[restartedMain][0;39m [34mINFO [0;39m [1;35mo.s.b.w.e.tomcat.TomcatWebServer[0;39m [initialize,92]- Tomcat initialized with port(s): 8088 (http)
[31m2024-04-28 02:12:46[0;39m [32m[restartedMain][0;39m [34mINFO [0;39m [1;35mo.a.coyote.http11.Http11NioProtocol[0;39m [log,173]- Initializing ProtocolHandler ["http-nio-8088"]
[31m2024-04-28 02:12:46[0;39m [32m[restartedMain][0;39m [34mINFO [0;39m [1;35mo.a.catalina.core.StandardService[0;39m [log,173]- Starting service [Tomcat]
[31m2024-04-28 02:12:46[0;39m [32m[restartedMain][0;39m [34mINFO [0;39m [1;35mo.a.catalina.core.StandardEngine[0;39m [log,173]- Starting Servlet engine: [Apache Tomcat/9.0.33]
[31m2024-04-28 02:12:46[0;39m [32m[restartedMain][0;39m [34mINFO [0;39m [1;35mo.a.c.core.AprLifecycleListener[0;39m [log,173]- Loaded APR based Apache Tomcat Native library [1.2.36] using APR version [1.7.2].
[31m2024-04-28 02:12:46[0;39m [32m[restartedMain][0;39m [34mINFO [0;39m [1;35mo.a.c.core.AprLifecycleListener[0;39m [log,173]- APR capabilities: IPv6 [true], sendfile [true], accept filters [false], random [true].
[31m2024-04-28 02:12:46[0;39m [32m[restartedMain][0;39m [34mINFO [0;39m [1;35mo.a.c.core.AprLifecycleListener[0;39m [log,173]- APR/OpenSSL configuration: useAprConnector [false], useOpenSSL [true]
[31m2024-04-28 02:12:46[0;39m [32m[restartedMain][0;39m [34mINFO [0;39m [1;35mo.a.c.core.AprLifecycleListener[0;39m [log,173]- OpenSSL successfully initialized [OpenSSL 1.1.1t  7 Feb 2023]
[31m2024-04-28 02:12:46[0;39m [32m[restartedMain][0;39m [34mINFO [0;39m [1;35mo.a.c.c.C.[Tomcat].[localhost].[/][0;39m [log,173]- Initializing Spring embedded WebApplicationContext
[31m2024-04-28 02:12:46[0;39m [32m[restartedMain][0;39m [34mINFO [0;39m [1;35mo.s.web.context.ContextLoader[0;39m [prepareWebApplicationContext,284]- Root WebApplicationContext: initialization completed in 1979 ms
[31m2024-04-28 02:12:47[0;39m [32m[restartedMain][0;39m [34mINFO [0;39m [1;35ms.d.s.w.PropertySourcedRequestMappingHandlerMapping[0;39m [initHandlerMethods,69]- Mapped URL path [/v2/api-docs] onto method [springfox.documentation.swagger2.web.Swagger2Controller#getDocumentation(String, HttpServletRequest)]
[31m2024-04-28 02:12:47[0;39m [32m[restartedMain][0;39m [34mINFO [0;39m [1;35mo.s.s.c.ThreadPoolTaskExecutor[0;39m [initialize,181]- Initializing ExecutorService 'applicationTaskExecutor'
[31m2024-04-28 02:12:47[0;39m [32m[restartedMain][0;39m [34mINFO [0;39m [1;35mo.s.b.d.a.OptionalLiveReloadServer[0;39m [startServer,58]- LiveReload server is running on port 35729
[31m2024-04-28 02:12:47[0;39m [32m[restartedMain][0;39m [34mINFO [0;39m [1;35mo.s.s.c.ThreadPoolTaskScheduler[0;39m [initialize,181]- Initializing ExecutorService 'taskScheduler'
[31m2024-04-28 02:12:47[0;39m [32m[restartedMain][0;39m [34mINFO [0;39m [1;35ms.d.s.w.p.DocumentationPluginsBootstrapper[0;39m [start,160]- Context refreshed
[31m2024-04-28 02:12:47[0;39m [32m[restartedMain][0;39m [34mINFO [0;39m [1;35ms.d.s.w.p.DocumentationPluginsBootstrapper[0;39m [start,163]- Found 1 custom documentation plugin(s)
[31m2024-04-28 02:12:47[0;39m [32m[restartedMain][0;39m [34mINFO [0;39m [1;35ms.d.s.w.s.ApiListingReferenceScanner[0;39m [scan,41]- Scanning for api listing references
[31m2024-04-28 02:12:47[0;39m [32m[restartedMain][0;39m [31mWARN [0;39m [1;35ms.d.s.w.r.p.ParameterDataTypeReader[0;39m [apply,92]- Trying to infer dataType java.lang.Integer[]
[31m2024-04-28 02:12:47[0;39m [32m[restartedMain][0;39m [31mWARN [0;39m [1;35ms.d.s.w.r.p.ParameterDataTypeReader[0;39m [apply,92]- Trying to infer dataType java.lang.Integer[]
[31m2024-04-28 02:12:47[0;39m [32m[restartedMain][0;39m [31mWARN [0;39m [1;35ms.d.s.w.r.p.ParameterDataTypeReader[0;39m [apply,92]- Trying to infer dataType java.lang.Integer[]
[31m2024-04-28 02:12:47[0;39m [32m[restartedMain][0;39m [31mWARN [0;39m [1;35ms.d.s.w.r.p.ParameterDataTypeReader[0;39m [apply,92]- Trying to infer dataType java.lang.Integer[]
[31m2024-04-28 02:12:47[0;39m [32m[restartedMain][0;39m [31mWARN [0;39m [1;35ms.d.s.w.r.p.ParameterDataTypeReader[0;39m [apply,92]- Trying to infer dataType java.lang.Integer[]
[31m2024-04-28 02:12:47[0;39m [32m[restartedMain][0;39m [31mWARN [0;39m [1;35ms.d.s.w.r.p.ParameterDataTypeReader[0;39m [apply,92]- Trying to infer dataType java.lang.Integer[]
[31m2024-04-28 02:12:47[0;39m [32m[restartedMain][0;39m [31mWARN [0;39m [1;35ms.d.s.w.r.p.ParameterDataTypeReader[0;39m [apply,92]- Trying to infer dataType java.lang.Integer[]
[31m2024-04-28 02:12:47[0;39m [32m[restartedMain][0;39m [31mWARN [0;39m [1;35ms.d.s.w.r.p.ParameterDataTypeReader[0;39m [apply,92]- Trying to infer dataType java.lang.Integer[]
[31m2024-04-28 02:12:47[0;39m [32m[restartedMain][0;39m [34mINFO [0;39m [1;35mo.a.coyote.http11.Http11NioProtocol[0;39m [log,173]- Starting ProtocolHandler ["http-nio-8088"]
[31m2024-04-28 02:12:47[0;39m [32m[restartedMain][0;39m [34mINFO [0;39m [1;35mo.s.b.w.e.tomcat.TomcatWebServer[0;39m [start,204]- Tomcat started on port(s): 8088 (http) with context path ''
[31m2024-04-28 02:12:47[0;39m [32m[restartedMain][0;39m [34mINFO [0;39m [1;35mcom.ashuo.scms.ScmsApplication[0;39m [logStarted,61]- Started ScmsApplication in 3.559 seconds (JVM running for 4.402)
[31m2024-04-28 02:12:56[0;39m [32m[http-nio-8088-exec-1][0;39m [34mINFO [0;39m [1;35mo.a.c.c.C.[Tomcat].[localhost].[/][0;39m [log,173]- Initializing Spring DispatcherServlet 'dispatcherServlet'
[31m2024-04-28 02:12:56[0;39m [32m[http-nio-8088-exec-1][0;39m [34mINFO [0;39m [1;35mo.s.web.servlet.DispatcherServlet[0;39m [initServletBean,525]- Initializing Servlet 'dispatcherServlet'
[31m2024-04-28 02:12:56[0;39m [32m[http-nio-8088-exec-1][0;39m [34mINFO [0;39m [1;35mo.s.web.servlet.DispatcherServlet[0;39m [initServletBean,547]- Completed initialization in 5 ms
[31m2024-04-28 02:17:53[0;39m [32m[SpringContextShutdownHook][0;39m [34mINFO [0;39m [1;35mo.s.s.c.ThreadPoolTaskScheduler[0;39m [shutdown,218]- Shutting down ExecutorService 'taskScheduler'
[31m2024-04-28 02:17:53[0;39m [32m[SpringContextShutdownHook][0;39m [34mINFO [0;39m [1;35mo.s.s.c.ThreadPoolTaskExecutor[0;39m [shutdown,218]- Shutting down ExecutorService 'applicationTaskExecutor'
[31m2024-04-28 02:17:53[0;39m [32m[SpringContextShutdownHook][0;39m [34mINFO [0;39m [1;35mc.alibaba.druid.pool.DruidDataSource[0;39m [close,2032]- {dataSource-1} closing ...
[31m2024-04-28 02:17:53[0;39m [32m[SpringContextShutdownHook][0;39m [34mINFO [0;39m [1;35mc.alibaba.druid.pool.DruidDataSource[0;39m [close,2104]- {dataSource-1} closed
[31m2024-04-28 02:17:56[0;39m [32m[restartedMain][0;39m [34mINFO [0;39m [1;35mcom.ashuo.scms.ScmsApplication[0;39m [logStarting,55]- Starting ScmsApplication on LAPTOP-SPLVS3O7 with PID 33360 (D:\SCMS\scms\target\classes started by 86187 in D:\SCMS)
[31m2024-04-28 02:17:56[0;39m [32m[restartedMain][0;39m [34mINFO [0;39m [1;35mcom.ashuo.scms.ScmsApplication[0;39m [logStartupProfileInfo,651]- No active profile set, falling back to default profiles: default
[31m2024-04-28 02:17:56[0;39m [32m[restartedMain][0;39m [34mINFO [0;39m [1;35mo.s.b.d.restart.ChangeableUrls[0;39m [logTo,225]- The Class-Path manifest attribute in D:\openrepository\org\glassfish\jaxb\jaxb-runtime\2.3.2\jaxb-runtime-2.3.2.jar referenced one or more files that do not exist: file:/D:/openrepository/org/glassfish/jaxb/jaxb-runtime/2.3.2/jakarta.xml.bind-api-2.3.2.jar,file:/D:/openrepository/org/glassfish/jaxb/jaxb-runtime/2.3.2/txw2-2.3.2.jar,file:/D:/openrepository/org/glassfish/jaxb/jaxb-runtime/2.3.2/istack-commons-runtime-3.0.8.jar,file:/D:/openrepository/org/glassfish/jaxb/jaxb-runtime/2.3.2/stax-ex-1.8.1.jar,file:/D:/openrepository/org/glassfish/jaxb/jaxb-runtime/2.3.2/FastInfoset-1.2.16.jar,file:/D:/openrepository/org/glassfish/jaxb/jaxb-runtime/2.3.2/jakarta.activation-api-1.2.1.jar
[31m2024-04-28 02:17:56[0;39m [32m[restartedMain][0;39m [34mINFO [0;39m [1;35mo.s.b.d.e.DevToolsPropertyDefaultsPostProcessor[0;39m [logTo,225]- Devtools property defaults active! Set 'spring.devtools.add-properties' to 'false' to disable
[31m2024-04-28 02:17:56[0;39m [32m[restartedMain][0;39m [34mINFO [0;39m [1;35mo.s.b.d.e.DevToolsPropertyDefaultsPostProcessor[0;39m [logTo,225]- For additional web related logging consider setting the 'logging.level.web' property to 'DEBUG'
[31m2024-04-28 02:17:57[0;39m [32m[restartedMain][0;39m [31mWARN [0;39m [1;35mo.m.s.mapper.ClassPathMapperScanner[0;39m [warn,44]- No MyBatis mapper was found in '[com.ashuo.scms]' package. Please check your configuration.
[31m2024-04-28 02:17:57[0;39m [32m[restartedMain][0;39m [34mINFO [0;39m [1;35mo.s.c.s.PostProcessorRegistrationDelegate$BeanPostProcessorChecker[0;39m [postProcessAfterInitialization,330]- Bean 'shiroConfig' of type [com.ashuo.scms.config.ShiroConfig$$EnhancerBySpringCGLIB$$f786a42e] is not eligible for getting processed by all BeanPostProcessors (for example: not eligible for auto-proxying)
[31m2024-04-28 02:17:57[0;39m [32m[restartedMain][0;39m [34mINFO [0;39m [1;35mo.s.c.s.PostProcessorRegistrationDelegate$BeanPostProcessorChecker[0;39m [postProcessAfterInitialization,330]- Bean 'mybatis-plus-com.baomidou.mybatisplus.autoconfigure.MybatisPlusProperties' of type [com.baomidou.mybatisplus.autoconfigure.MybatisPlusProperties] is not eligible for getting processed by all BeanPostProcessors (for example: not eligible for auto-proxying)
[31m2024-04-28 02:17:57[0;39m [32m[restartedMain][0;39m [34mINFO [0;39m [1;35mo.s.c.s.PostProcessorRegistrationDelegate$BeanPostProcessorChecker[0;39m [postProcessAfterInitialization,330]- Bean 'mybatisPlusConfig' of type [com.ashuo.scms.config.MybatisPlusConfig$$EnhancerBySpringCGLIB$$fc400a0a] is not eligible for getting processed by all BeanPostProcessors (for example: not eligible for auto-proxying)
[31m2024-04-28 02:17:57[0;39m [32m[restartedMain][0;39m [34mINFO [0;39m [1;35mo.s.c.s.PostProcessorRegistrationDelegate$BeanPostProcessorChecker[0;39m [postProcessAfterInitialization,330]- Bean 'paginationInterceptor' of type [com.baomidou.mybatisplus.extension.plugins.PaginationInterceptor] is not eligible for getting processed by all BeanPostProcessors (for example: not eligible for auto-proxying)
[31m2024-04-28 02:17:57[0;39m [32m[restartedMain][0;39m [34mINFO [0;39m [1;35mo.s.c.s.PostProcessorRegistrationDelegate$BeanPostProcessorChecker[0;39m [postProcessAfterInitialization,330]- Bean 'com.baomidou.mybatisplus.autoconfigure.MybatisPlusAutoConfiguration' of type [com.baomidou.mybatisplus.autoconfigure.MybatisPlusAutoConfiguration$$EnhancerBySpringCGLIB$$d320322f] is not eligible for getting processed by all BeanPostProcessors (for example: not eligible for auto-proxying)
[31m2024-04-28 02:17:57[0;39m [32m[restartedMain][0;39m [34mINFO [0;39m [1;35mo.s.c.s.PostProcessorRegistrationDelegate$BeanPostProcessorChecker[0;39m [postProcessAfterInitialization,330]- Bean 'com.alibaba.druid.spring.boot.autoconfigure.DruidDataSourceAutoConfigure' of type [com.alibaba.druid.spring.boot.autoconfigure.DruidDataSourceAutoConfigure$$EnhancerBySpringCGLIB$$af03bb07] is not eligible for getting processed by all BeanPostProcessors (for example: not eligible for auto-proxying)
[31m2024-04-28 02:17:57[0;39m [32m[restartedMain][0;39m [34mINFO [0;39m [1;35mc.a.d.s.b.a.DruidDataSourceAutoConfigure[0;39m [dataSource,56]- Init DruidDataSource
[31m2024-04-28 02:17:57[0;39m [32m[restartedMain][0;39m [34mINFO [0;39m [1;35mo.s.c.s.PostProcessorRegistrationDelegate$BeanPostProcessorChecker[0;39m [postProcessAfterInitialization,330]- Bean 'spring.datasource-org.springframework.boot.autoconfigure.jdbc.DataSourceProperties' of type [org.springframework.boot.autoconfigure.jdbc.DataSourceProperties] is not eligible for getting processed by all BeanPostProcessors (for example: not eligible for auto-proxying)
[31m2024-04-28 02:17:57[0;39m [32m[restartedMain][0;39m [34mINFO [0;39m [1;35mc.alibaba.druid.pool.DruidDataSource[0;39m [init,985]- {dataSource-1} inited
[31m2024-04-28 02:17:57[0;39m [32m[restartedMain][0;39m [34mINFO [0;39m [1;35mo.s.c.s.PostProcessorRegistrationDelegate$BeanPostProcessorChecker[0;39m [postProcessAfterInitialization,330]- Bean 'dataSource' of type [com.alibaba.druid.spring.boot.autoconfigure.DruidDataSourceWrapper] is not eligible for getting processed by all BeanPostProcessors (for example: not eligible for auto-proxying)
[31m2024-04-28 02:17:58[0;39m [32m[restartedMain][0;39m [34mINFO [0;39m [1;35mo.s.c.s.PostProcessorRegistrationDelegate$BeanPostProcessorChecker[0;39m [postProcessAfterInitialization,330]- Bean 'sqlSessionFactory' of type [org.apache.ibatis.session.defaults.DefaultSqlSessionFactory] is not eligible for getting processed by all BeanPostProcessors (for example: not eligible for auto-proxying)
[31m2024-04-28 02:17:58[0;39m [32m[restartedMain][0;39m [34mINFO [0;39m [1;35mo.s.c.s.PostProcessorRegistrationDelegate$BeanPostProcessorChecker[0;39m [postProcessAfterInitialization,330]- Bean 'sqlSessionTemplate' of type [org.mybatis.spring.SqlSessionTemplate] is not eligible for getting processed by all BeanPostProcessors (for example: not eligible for auto-proxying)
[31m2024-04-28 02:17:58[0;39m [32m[restartedMain][0;39m [34mINFO [0;39m [1;35mo.s.c.s.PostProcessorRegistrationDelegate$BeanPostProcessorChecker[0;39m [postProcessAfterInitialization,330]- Bean 'userMapper' of type [org.mybatis.spring.mapper.MapperFactoryBean] is not eligible for getting processed by all BeanPostProcessors (for example: not eligible for auto-proxying)
[31m2024-04-28 02:17:58[0;39m [32m[restartedMain][0;39m [34mINFO [0;39m [1;35mo.s.c.s.PostProcessorRegistrationDelegate$BeanPostProcessorChecker[0;39m [postProcessAfterInitialization,330]- Bean 'userMapper' of type [jdk.proxy3.$Proxy85] is not eligible for getting processed by all BeanPostProcessors (for example: not eligible for auto-proxying)
[31m2024-04-28 02:17:58[0;39m [32m[restartedMain][0;39m [34mINFO [0;39m [1;35mo.s.c.s.PostProcessorRegistrationDelegate$BeanPostProcessorChecker[0;39m [postProcessAfterInitialization,330]- Bean 'userServiceImpl' of type [com.ashuo.scms.service.impl.UserServiceImpl] is not eligible for getting processed by all BeanPostProcessors (for example: not eligible for auto-proxying)
[31m2024-04-28 02:17:58[0;39m [32m[restartedMain][0;39m [34mINFO [0;39m [1;35mo.s.c.s.PostProcessorRegistrationDelegate$BeanPostProcessorChecker[0;39m [postProcessAfterInitialization,330]- Bean 'accountRealm' of type [com.ashuo.scms.shiro.AccountRealm] is not eligible for getting processed by all BeanPostProcessors (for example: not eligible for auto-proxying)
[31m2024-04-28 02:17:58[0;39m [32m[restartedMain][0;39m [34mINFO [0;39m [1;35mo.s.c.s.PostProcessorRegistrationDelegate$BeanPostProcessorChecker[0;39m [postProcessAfterInitialization,330]- Bean 'securityManager' of type [org.apache.shiro.web.mgt.DefaultWebSecurityManager] is not eligible for getting processed by all BeanPostProcessors (for example: not eligible for auto-proxying)
[31m2024-04-28 02:17:58[0;39m [32m[restartedMain][0;39m [34mINFO [0;39m [1;35mo.s.c.s.PostProcessorRegistrationDelegate$BeanPostProcessorChecker[0;39m [postProcessAfterInitialization,330]- Bean 'authorizationAttributeSourceAdvisor' of type [org.apache.shiro.spring.security.interceptor.AuthorizationAttributeSourceAdvisor] is not eligible for getting processed by all BeanPostProcessors (for example: not eligible for auto-proxying)
[31m2024-04-28 02:17:58[0;39m [32m[restartedMain][0;39m [34mINFO [0;39m [1;35mo.s.b.w.e.tomcat.TomcatWebServer[0;39m [initialize,92]- Tomcat initialized with port(s): 8088 (http)
[31m2024-04-28 02:17:58[0;39m [32m[restartedMain][0;39m [34mINFO [0;39m [1;35mo.a.coyote.http11.Http11NioProtocol[0;39m [log,173]- Initializing ProtocolHandler ["http-nio-8088"]
[31m2024-04-28 02:17:58[0;39m [32m[restartedMain][0;39m [34mINFO [0;39m [1;35mo.a.catalina.core.StandardService[0;39m [log,173]- Starting service [Tomcat]
[31m2024-04-28 02:17:58[0;39m [32m[restartedMain][0;39m [34mINFO [0;39m [1;35mo.a.catalina.core.StandardEngine[0;39m [log,173]- Starting Servlet engine: [Apache Tomcat/9.0.33]
[31m2024-04-28 02:17:58[0;39m [32m[restartedMain][0;39m [34mINFO [0;39m [1;35mo.a.c.core.AprLifecycleListener[0;39m [log,173]- Loaded APR based Apache Tomcat Native library [1.2.36] using APR version [1.7.2].
[31m2024-04-28 02:17:58[0;39m [32m[restartedMain][0;39m [34mINFO [0;39m [1;35mo.a.c.core.AprLifecycleListener[0;39m [log,173]- APR capabilities: IPv6 [true], sendfile [true], accept filters [false], random [true].
[31m2024-04-28 02:17:58[0;39m [32m[restartedMain][0;39m [34mINFO [0;39m [1;35mo.a.c.core.AprLifecycleListener[0;39m [log,173]- APR/OpenSSL configuration: useAprConnector [false], useOpenSSL [true]
[31m2024-04-28 02:17:58[0;39m [32m[restartedMain][0;39m [34mINFO [0;39m [1;35mo.a.c.core.AprLifecycleListener[0;39m [log,173]- OpenSSL successfully initialized [OpenSSL 1.1.1t  7 Feb 2023]
[31m2024-04-28 02:17:58[0;39m [32m[restartedMain][0;39m [34mINFO [0;39m [1;35mo.a.c.c.C.[Tomcat].[localhost].[/][0;39m [log,173]- Initializing Spring embedded WebApplicationContext
[31m2024-04-28 02:17:58[0;39m [32m[restartedMain][0;39m [34mINFO [0;39m [1;35mo.s.web.context.ContextLoader[0;39m [prepareWebApplicationContext,284]- Root WebApplicationContext: initialization completed in 1949 ms
[31m2024-04-28 02:17:59[0;39m [32m[restartedMain][0;39m [34mINFO [0;39m [1;35ms.d.s.w.PropertySourcedRequestMappingHandlerMapping[0;39m [initHandlerMethods,69]- Mapped URL path [/v2/api-docs] onto method [springfox.documentation.swagger2.web.Swagger2Controller#getDocumentation(String, HttpServletRequest)]
[31m2024-04-28 02:17:59[0;39m [32m[restartedMain][0;39m [34mINFO [0;39m [1;35mo.s.s.c.ThreadPoolTaskExecutor[0;39m [initialize,181]- Initializing ExecutorService 'applicationTaskExecutor'
[31m2024-04-28 02:17:59[0;39m [32m[restartedMain][0;39m [34mINFO [0;39m [1;35mo.s.b.d.a.OptionalLiveReloadServer[0;39m [startServer,58]- LiveReload server is running on port 35729
[31m2024-04-28 02:17:59[0;39m [32m[restartedMain][0;39m [34mINFO [0;39m [1;35mo.s.s.c.ThreadPoolTaskScheduler[0;39m [initialize,181]- Initializing ExecutorService 'taskScheduler'
[31m2024-04-28 02:17:59[0;39m [32m[restartedMain][0;39m [34mINFO [0;39m [1;35ms.d.s.w.p.DocumentationPluginsBootstrapper[0;39m [start,160]- Context refreshed
[31m2024-04-28 02:17:59[0;39m [32m[restartedMain][0;39m [34mINFO [0;39m [1;35ms.d.s.w.p.DocumentationPluginsBootstrapper[0;39m [start,163]- Found 1 custom documentation plugin(s)
[31m2024-04-28 02:17:59[0;39m [32m[restartedMain][0;39m [34mINFO [0;39m [1;35ms.d.s.w.s.ApiListingReferenceScanner[0;39m [scan,41]- Scanning for api listing references
[31m2024-04-28 02:17:59[0;39m [32m[restartedMain][0;39m [31mWARN [0;39m [1;35ms.d.s.w.r.p.ParameterDataTypeReader[0;39m [apply,92]- Trying to infer dataType java.lang.Integer[]
[31m2024-04-28 02:17:59[0;39m [32m[restartedMain][0;39m [31mWARN [0;39m [1;35ms.d.s.w.r.p.ParameterDataTypeReader[0;39m [apply,92]- Trying to infer dataType java.lang.Integer[]
[31m2024-04-28 02:17:59[0;39m [32m[restartedMain][0;39m [31mWARN [0;39m [1;35ms.d.s.w.r.p.ParameterDataTypeReader[0;39m [apply,92]- Trying to infer dataType java.lang.Integer[]
[31m2024-04-28 02:17:59[0;39m [32m[restartedMain][0;39m [31mWARN [0;39m [1;35ms.d.s.w.r.p.ParameterDataTypeReader[0;39m [apply,92]- Trying to infer dataType java.lang.Integer[]
[31m2024-04-28 02:17:59[0;39m [32m[restartedMain][0;39m [31mWARN [0;39m [1;35ms.d.s.w.r.p.ParameterDataTypeReader[0;39m [apply,92]- Trying to infer dataType java.lang.Integer[]
[31m2024-04-28 02:17:59[0;39m [32m[restartedMain][0;39m [31mWARN [0;39m [1;35ms.d.s.w.r.p.ParameterDataTypeReader[0;39m [apply,92]- Trying to infer dataType java.lang.Integer[]
[31m2024-04-28 02:17:59[0;39m [32m[restartedMain][0;39m [31mWARN [0;39m [1;35ms.d.s.w.r.p.ParameterDataTypeReader[0;39m [apply,92]- Trying to infer dataType java.lang.Integer[]
[31m2024-04-28 02:17:59[0;39m [32m[restartedMain][0;39m [31mWARN [0;39m [1;35ms.d.s.w.r.p.ParameterDataTypeReader[0;39m [apply,92]- Trying to infer dataType java.lang.Integer[]
[31m2024-04-28 02:17:59[0;39m [32m[restartedMain][0;39m [34mINFO [0;39m [1;35mo.a.coyote.http11.Http11NioProtocol[0;39m [log,173]- Starting ProtocolHandler ["http-nio-8088"]
[31m2024-04-28 02:18:00[0;39m [32m[restartedMain][0;39m [34mINFO [0;39m [1;35mo.s.b.w.e.tomcat.TomcatWebServer[0;39m [start,204]- Tomcat started on port(s): 8088 (http) with context path ''
[31m2024-04-28 02:18:00[0;39m [32m[restartedMain][0;39m [34mINFO [0;39m [1;35mcom.ashuo.scms.ScmsApplication[0;39m [logStarted,61]- Started ScmsApplication in 3.519 seconds (JVM running for 4.652)
[31m2024-04-28 02:18:30[0;39m [32m[http-nio-8088-exec-1][0;39m [34mINFO [0;39m [1;35mo.a.c.c.C.[Tomcat].[localhost].[/][0;39m [log,173]- Initializing Spring DispatcherServlet 'dispatcherServlet'
[31m2024-04-28 02:18:30[0;39m [32m[http-nio-8088-exec-1][0;39m [34mINFO [0;39m [1;35mo.s.web.servlet.DispatcherServlet[0;39m [initServletBean,525]- Initializing Servlet 'dispatcherServlet'
[31m2024-04-28 02:18:30[0;39m [32m[http-nio-8088-exec-1][0;39m [34mINFO [0;39m [1;35mo.s.web.servlet.DispatcherServlet[0;39m [initServletBean,547]- Completed initialization in 5 ms
[31m2024-04-28 02:30:08[0;39m [32m[SpringContextShutdownHook][0;39m [34mINFO [0;39m [1;35mo.s.s.c.ThreadPoolTaskScheduler[0;39m [shutdown,218]- Shutting down ExecutorService 'taskScheduler'
[31m2024-04-28 02:30:08[0;39m [32m[SpringContextShutdownHook][0;39m [34mINFO [0;39m [1;35mo.s.s.c.ThreadPoolTaskExecutor[0;39m [shutdown,218]- Shutting down ExecutorService 'applicationTaskExecutor'
[31m2024-04-28 02:30:08[0;39m [32m[SpringContextShutdownHook][0;39m [34mINFO [0;39m [1;35mc.alibaba.druid.pool.DruidDataSource[0;39m [close,2032]- {dataSource-1} closing ...
[31m2024-04-28 02:30:08[0;39m [32m[SpringContextShutdownHook][0;39m [34mINFO [0;39m [1;35mc.alibaba.druid.pool.DruidDataSource[0;39m [close,2104]- {dataSource-1} closed
[31m2024-04-28 02:30:14[0;39m [32m[restartedMain][0;39m [34mINFO [0;39m [1;35mcom.ashuo.scms.ScmsApplication[0;39m [logStarting,55]- Starting ScmsApplication on LAPTOP-SPLVS3O7 with PID 25732 (D:\SCMS\scms\target\classes started by 86187 in D:\SCMS)
[31m2024-04-28 02:30:14[0;39m [32m[restartedMain][0;39m [34mINFO [0;39m [1;35mcom.ashuo.scms.ScmsApplication[0;39m [logStartupProfileInfo,651]- No active profile set, falling back to default profiles: default
[31m2024-04-28 02:30:14[0;39m [32m[restartedMain][0;39m [34mINFO [0;39m [1;35mo.s.b.d.restart.ChangeableUrls[0;39m [logTo,225]- The Class-Path manifest attribute in D:\openrepository\org\glassfish\jaxb\jaxb-runtime\2.3.2\jaxb-runtime-2.3.2.jar referenced one or more files that do not exist: file:/D:/openrepository/org/glassfish/jaxb/jaxb-runtime/2.3.2/jakarta.xml.bind-api-2.3.2.jar,file:/D:/openrepository/org/glassfish/jaxb/jaxb-runtime/2.3.2/txw2-2.3.2.jar,file:/D:/openrepository/org/glassfish/jaxb/jaxb-runtime/2.3.2/istack-commons-runtime-3.0.8.jar,file:/D:/openrepository/org/glassfish/jaxb/jaxb-runtime/2.3.2/stax-ex-1.8.1.jar,file:/D:/openrepository/org/glassfish/jaxb/jaxb-runtime/2.3.2/FastInfoset-1.2.16.jar,file:/D:/openrepository/org/glassfish/jaxb/jaxb-runtime/2.3.2/jakarta.activation-api-1.2.1.jar
[31m2024-04-28 02:30:14[0;39m [32m[restartedMain][0;39m [34mINFO [0;39m [1;35mo.s.b.d.e.DevToolsPropertyDefaultsPostProcessor[0;39m [logTo,225]- Devtools property defaults active! Set 'spring.devtools.add-properties' to 'false' to disable
[31m2024-04-28 02:30:14[0;39m [32m[restartedMain][0;39m [34mINFO [0;39m [1;35mo.s.b.d.e.DevToolsPropertyDefaultsPostProcessor[0;39m [logTo,225]- For additional web related logging consider setting the 'logging.level.web' property to 'DEBUG'
[31m2024-04-28 02:30:15[0;39m [32m[restartedMain][0;39m [31mWARN [0;39m [1;35mo.m.s.mapper.ClassPathMapperScanner[0;39m [warn,44]- No MyBatis mapper was found in '[com.ashuo.scms]' package. Please check your configuration.
[31m2024-04-28 02:30:15[0;39m [32m[restartedMain][0;39m [34mINFO [0;39m [1;35mo.s.c.s.PostProcessorRegistrationDelegate$BeanPostProcessorChecker[0;39m [postProcessAfterInitialization,330]- Bean 'shiroConfig' of type [com.ashuo.scms.config.ShiroConfig$$EnhancerBySpringCGLIB$$87f6ba62] is not eligible for getting processed by all BeanPostProcessors (for example: not eligible for auto-proxying)
[31m2024-04-28 02:30:15[0;39m [32m[restartedMain][0;39m [34mINFO [0;39m [1;35mo.s.c.s.PostProcessorRegistrationDelegate$BeanPostProcessorChecker[0;39m [postProcessAfterInitialization,330]- Bean 'mybatis-plus-com.baomidou.mybatisplus.autoconfigure.MybatisPlusProperties' of type [com.baomidou.mybatisplus.autoconfigure.MybatisPlusProperties] is not eligible for getting processed by all BeanPostProcessors (for example: not eligible for auto-proxying)
[31m2024-04-28 02:30:15[0;39m [32m[restartedMain][0;39m [34mINFO [0;39m [1;35mo.s.c.s.PostProcessorRegistrationDelegate$BeanPostProcessorChecker[0;39m [postProcessAfterInitialization,330]- Bean 'mybatisPlusConfig' of type [com.ashuo.scms.config.MybatisPlusConfig$$EnhancerBySpringCGLIB$$8cb0203e] is not eligible for getting processed by all BeanPostProcessors (for example: not eligible for auto-proxying)
[31m2024-04-28 02:30:15[0;39m [32m[restartedMain][0;39m [34mINFO [0;39m [1;35mo.s.c.s.PostProcessorRegistrationDelegate$BeanPostProcessorChecker[0;39m [postProcessAfterInitialization,330]- Bean 'paginationInterceptor' of type [com.baomidou.mybatisplus.extension.plugins.PaginationInterceptor] is not eligible for getting processed by all BeanPostProcessors (for example: not eligible for auto-proxying)
[31m2024-04-28 02:30:15[0;39m [32m[restartedMain][0;39m [34mINFO [0;39m [1;35mo.s.c.s.PostProcessorRegistrationDelegate$BeanPostProcessorChecker[0;39m [postProcessAfterInitialization,330]- Bean 'com.baomidou.mybatisplus.autoconfigure.MybatisPlusAutoConfiguration' of type [com.baomidou.mybatisplus.autoconfigure.MybatisPlusAutoConfiguration$$EnhancerBySpringCGLIB$$63904863] is not eligible for getting processed by all BeanPostProcessors (for example: not eligible for auto-proxying)
[31m2024-04-28 02:30:15[0;39m [32m[restartedMain][0;39m [34mINFO [0;39m [1;35mo.s.c.s.PostProcessorRegistrationDelegate$BeanPostProcessorChecker[0;39m [postProcessAfterInitialization,330]- Bean 'com.alibaba.druid.spring.boot.autoconfigure.DruidDataSourceAutoConfigure' of type [com.alibaba.druid.spring.boot.autoconfigure.DruidDataSourceAutoConfigure$$EnhancerBySpringCGLIB$$3f73d13b] is not eligible for getting processed by all BeanPostProcessors (for example: not eligible for auto-proxying)
[31m2024-04-28 02:30:15[0;39m [32m[restartedMain][0;39m [34mINFO [0;39m [1;35mc.a.d.s.b.a.DruidDataSourceAutoConfigure[0;39m [dataSource,56]- Init DruidDataSource
[31m2024-04-28 02:30:15[0;39m [32m[restartedMain][0;39m [34mINFO [0;39m [1;35mo.s.c.s.PostProcessorRegistrationDelegate$BeanPostProcessorChecker[0;39m [postProcessAfterInitialization,330]- Bean 'spring.datasource-org.springframework.boot.autoconfigure.jdbc.DataSourceProperties' of type [org.springframework.boot.autoconfigure.jdbc.DataSourceProperties] is not eligible for getting processed by all BeanPostProcessors (for example: not eligible for auto-proxying)
[31m2024-04-28 02:30:16[0;39m [32m[restartedMain][0;39m [34mINFO [0;39m [1;35mc.alibaba.druid.pool.DruidDataSource[0;39m [init,985]- {dataSource-1} inited
[31m2024-04-28 02:30:16[0;39m [32m[restartedMain][0;39m [34mINFO [0;39m [1;35mo.s.c.s.PostProcessorRegistrationDelegate$BeanPostProcessorChecker[0;39m [postProcessAfterInitialization,330]- Bean 'dataSource' of type [com.alibaba.druid.spring.boot.autoconfigure.DruidDataSourceWrapper] is not eligible for getting processed by all BeanPostProcessors (for example: not eligible for auto-proxying)
[31m2024-04-28 02:30:16[0;39m [32m[restartedMain][0;39m [34mINFO [0;39m [1;35mo.s.c.s.PostProcessorRegistrationDelegate$BeanPostProcessorChecker[0;39m [postProcessAfterInitialization,330]- Bean 'sqlSessionFactory' of type [org.apache.ibatis.session.defaults.DefaultSqlSessionFactory] is not eligible for getting processed by all BeanPostProcessors (for example: not eligible for auto-proxying)
[31m2024-04-28 02:30:16[0;39m [32m[restartedMain][0;39m [34mINFO [0;39m [1;35mo.s.c.s.PostProcessorRegistrationDelegate$BeanPostProcessorChecker[0;39m [postProcessAfterInitialization,330]- Bean 'sqlSessionTemplate' of type [org.mybatis.spring.SqlSessionTemplate] is not eligible for getting processed by all BeanPostProcessors (for example: not eligible for auto-proxying)
[31m2024-04-28 02:30:16[0;39m [32m[restartedMain][0;39m [34mINFO [0;39m [1;35mo.s.c.s.PostProcessorRegistrationDelegate$BeanPostProcessorChecker[0;39m [postProcessAfterInitialization,330]- Bean 'userMapper' of type [org.mybatis.spring.mapper.MapperFactoryBean] is not eligible for getting processed by all BeanPostProcessors (for example: not eligible for auto-proxying)
[31m2024-04-28 02:30:16[0;39m [32m[restartedMain][0;39m [34mINFO [0;39m [1;35mo.s.c.s.PostProcessorRegistrationDelegate$BeanPostProcessorChecker[0;39m [postProcessAfterInitialization,330]- Bean 'userMapper' of type [jdk.proxy3.$Proxy85] is not eligible for getting processed by all BeanPostProcessors (for example: not eligible for auto-proxying)
[31m2024-04-28 02:30:16[0;39m [32m[restartedMain][0;39m [34mINFO [0;39m [1;35mo.s.c.s.PostProcessorRegistrationDelegate$BeanPostProcessorChecker[0;39m [postProcessAfterInitialization,330]- Bean 'userServiceImpl' of type [com.ashuo.scms.service.impl.UserServiceImpl] is not eligible for getting processed by all BeanPostProcessors (for example: not eligible for auto-proxying)
[31m2024-04-28 02:30:16[0;39m [32m[restartedMain][0;39m [34mINFO [0;39m [1;35mo.s.c.s.PostProcessorRegistrationDelegate$BeanPostProcessorChecker[0;39m [postProcessAfterInitialization,330]- Bean 'accountRealm' of type [com.ashuo.scms.shiro.AccountRealm] is not eligible for getting processed by all BeanPostProcessors (for example: not eligible for auto-proxying)
[31m2024-04-28 02:30:16[0;39m [32m[restartedMain][0;39m [34mINFO [0;39m [1;35mo.s.c.s.PostProcessorRegistrationDelegate$BeanPostProcessorChecker[0;39m [postProcessAfterInitialization,330]- Bean 'securityManager' of type [org.apache.shiro.web.mgt.DefaultWebSecurityManager] is not eligible for getting processed by all BeanPostProcessors (for example: not eligible for auto-proxying)
[31m2024-04-28 02:30:16[0;39m [32m[restartedMain][0;39m [34mINFO [0;39m [1;35mo.s.c.s.PostProcessorRegistrationDelegate$BeanPostProcessorChecker[0;39m [postProcessAfterInitialization,330]- Bean 'authorizationAttributeSourceAdvisor' of type [org.apache.shiro.spring.security.interceptor.AuthorizationAttributeSourceAdvisor] is not eligible for getting processed by all BeanPostProcessors (for example: not eligible for auto-proxying)
[31m2024-04-28 02:30:16[0;39m [32m[restartedMain][0;39m [34mINFO [0;39m [1;35mo.s.b.w.e.tomcat.TomcatWebServer[0;39m [initialize,92]- Tomcat initialized with port(s): 8088 (http)
[31m2024-04-28 02:30:16[0;39m [32m[restartedMain][0;39m [34mINFO [0;39m [1;35mo.a.coyote.http11.Http11NioProtocol[0;39m [log,173]- Initializing ProtocolHandler ["http-nio-8088"]
[31m2024-04-28 02:30:16[0;39m [32m[restartedMain][0;39m [34mINFO [0;39m [1;35mo.a.catalina.core.StandardService[0;39m [log,173]- Starting service [Tomcat]
[31m2024-04-28 02:30:16[0;39m [32m[restartedMain][0;39m [34mINFO [0;39m [1;35mo.a.catalina.core.StandardEngine[0;39m [log,173]- Starting Servlet engine: [Apache Tomcat/9.0.33]
[31m2024-04-28 02:30:16[0;39m [32m[restartedMain][0;39m [34mINFO [0;39m [1;35mo.a.c.core.AprLifecycleListener[0;39m [log,173]- Loaded APR based Apache Tomcat Native library [1.2.36] using APR version [1.7.2].
[31m2024-04-28 02:30:16[0;39m [32m[restartedMain][0;39m [34mINFO [0;39m [1;35mo.a.c.core.AprLifecycleListener[0;39m [log,173]- APR capabilities: IPv6 [true], sendfile [true], accept filters [false], random [true].
[31m2024-04-28 02:30:16[0;39m [32m[restartedMain][0;39m [34mINFO [0;39m [1;35mo.a.c.core.AprLifecycleListener[0;39m [log,173]- APR/OpenSSL configuration: useAprConnector [false], useOpenSSL [true]
[31m2024-04-28 02:30:16[0;39m [32m[restartedMain][0;39m [34mINFO [0;39m [1;35mo.a.c.core.AprLifecycleListener[0;39m [log,173]- OpenSSL successfully initialized [OpenSSL 1.1.1t  7 Feb 2023]
[31m2024-04-28 02:30:16[0;39m [32m[restartedMain][0;39m [34mINFO [0;39m [1;35mo.a.c.c.C.[Tomcat].[localhost].[/][0;39m [log,173]- Initializing Spring embedded WebApplicationContext
[31m2024-04-28 02:30:16[0;39m [32m[restartedMain][0;39m [34mINFO [0;39m [1;35mo.s.web.context.ContextLoader[0;39m [prepareWebApplicationContext,284]- Root WebApplicationContext: initialization completed in 2147 ms
[31m2024-04-28 02:30:17[0;39m [32m[restartedMain][0;39m [34mINFO [0;39m [1;35ms.d.s.w.PropertySourcedRequestMappingHandlerMapping[0;39m [initHandlerMethods,69]- Mapped URL path [/v2/api-docs] onto method [springfox.documentation.swagger2.web.Swagger2Controller#getDocumentation(String, HttpServletRequest)]
[31m2024-04-28 02:30:17[0;39m [32m[restartedMain][0;39m [34mINFO [0;39m [1;35mo.s.s.c.ThreadPoolTaskExecutor[0;39m [initialize,181]- Initializing ExecutorService 'applicationTaskExecutor'
[31m2024-04-28 02:30:17[0;39m [32m[restartedMain][0;39m [34mINFO [0;39m [1;35mo.s.b.d.a.OptionalLiveReloadServer[0;39m [startServer,58]- LiveReload server is running on port 35729
[31m2024-04-28 02:30:17[0;39m [32m[restartedMain][0;39m [34mINFO [0;39m [1;35mo.s.s.c.ThreadPoolTaskScheduler[0;39m [initialize,181]- Initializing ExecutorService 'taskScheduler'
[31m2024-04-28 02:30:18[0;39m [32m[restartedMain][0;39m [34mINFO [0;39m [1;35ms.d.s.w.p.DocumentationPluginsBootstrapper[0;39m [start,160]- Context refreshed
[31m2024-04-28 02:30:18[0;39m [32m[restartedMain][0;39m [34mINFO [0;39m [1;35ms.d.s.w.p.DocumentationPluginsBootstrapper[0;39m [start,163]- Found 1 custom documentation plugin(s)
[31m2024-04-28 02:30:18[0;39m [32m[restartedMain][0;39m [34mINFO [0;39m [1;35ms.d.s.w.s.ApiListingReferenceScanner[0;39m [scan,41]- Scanning for api listing references
[31m2024-04-28 02:30:18[0;39m [32m[restartedMain][0;39m [31mWARN [0;39m [1;35ms.d.s.w.r.p.ParameterDataTypeReader[0;39m [apply,92]- Trying to infer dataType java.lang.Integer[]
[31m2024-04-28 02:30:18[0;39m [32m[restartedMain][0;39m [31mWARN [0;39m [1;35ms.d.s.w.r.p.ParameterDataTypeReader[0;39m [apply,92]- Trying to infer dataType java.lang.Integer[]
[31m2024-04-28 02:30:18[0;39m [32m[restartedMain][0;39m [31mWARN [0;39m [1;35ms.d.s.w.r.p.ParameterDataTypeReader[0;39m [apply,92]- Trying to infer dataType java.lang.Integer[]
[31m2024-04-28 02:30:18[0;39m [32m[restartedMain][0;39m [31mWARN [0;39m [1;35ms.d.s.w.r.p.ParameterDataTypeReader[0;39m [apply,92]- Trying to infer dataType java.lang.Integer[]
[31m2024-04-28 02:30:18[0;39m [32m[restartedMain][0;39m [31mWARN [0;39m [1;35ms.d.s.w.r.p.ParameterDataTypeReader[0;39m [apply,92]- Trying to infer dataType java.lang.Integer[]
[31m2024-04-28 02:30:18[0;39m [32m[restartedMain][0;39m [31mWARN [0;39m [1;35ms.d.s.w.r.p.ParameterDataTypeReader[0;39m [apply,92]- Trying to infer dataType java.lang.Integer[]
[31m2024-04-28 02:30:18[0;39m [32m[restartedMain][0;39m [31mWARN [0;39m [1;35ms.d.s.w.r.p.ParameterDataTypeReader[0;39m [apply,92]- Trying to infer dataType java.lang.Integer[]
[31m2024-04-28 02:30:18[0;39m [32m[restartedMain][0;39m [31mWARN [0;39m [1;35ms.d.s.w.r.p.ParameterDataTypeReader[0;39m [apply,92]- Trying to infer dataType java.lang.Integer[]
[31m2024-04-28 02:30:18[0;39m [32m[restartedMain][0;39m [34mINFO [0;39m [1;35mo.a.coyote.http11.Http11NioProtocol[0;39m [log,173]- Starting ProtocolHandler ["http-nio-8088"]
[31m2024-04-28 02:30:18[0;39m [32m[restartedMain][0;39m [34mINFO [0;39m [1;35mo.s.b.w.e.tomcat.TomcatWebServer[0;39m [start,204]- Tomcat started on port(s): 8088 (http) with context path ''
[31m2024-04-28 02:30:18[0;39m [32m[restartedMain][0;39m [34mINFO [0;39m [1;35mcom.ashuo.scms.ScmsApplication[0;39m [logStarted,61]- Started ScmsApplication in 3.913 seconds (JVM running for 5.036)
[31m2024-04-28 02:30:23[0;39m [32m[http-nio-8088-exec-2][0;39m [34mINFO [0;39m [1;35mo.a.c.c.C.[Tomcat].[localhost].[/][0;39m [log,173]- Initializing Spring DispatcherServlet 'dispatcherServlet'
[31m2024-04-28 02:30:23[0;39m [32m[http-nio-8088-exec-2][0;39m [34mINFO [0;39m [1;35mo.s.web.servlet.DispatcherServlet[0;39m [initServletBean,525]- Initializing Servlet 'dispatcherServlet'
[31m2024-04-28 02:30:23[0;39m [32m[http-nio-8088-exec-2][0;39m [34mINFO [0;39m [1;35mo.s.web.servlet.DispatcherServlet[0;39m [initServletBean,547]- Completed initialization in 7 ms
[31m2024-04-28 02:36:11[0;39m [32m[http-nio-8088-exec-9][0;39m [31mWARN [0;39m [1;35mo.s.w.s.m.m.a.ExceptionHandlerExceptionResolver[0;39m [logException,199]- Resolved [org.mybatis.spring.MyBatisSystemException: nested exception is org.apache.ibatis.builder.BuilderException: Error evaluating expression 'caipan.scoreStatus!=null and caipan.scoreStatus!=-1'. Cause: org.apache.ibatis.ognl.NoSuchPropertyException: com.ashuo.scms.entity.Caipan.scoreStatus]
[31m2024-04-28 02:36:46[0;39m [32m[http-nio-8088-exec-4][0;39m [31mWARN [0;39m [1;35mo.s.w.s.m.m.a.ExceptionHandlerExceptionResolver[0;39m [logException,199]- Resolved [org.mybatis.spring.MyBatisSystemException: nested exception is org.apache.ibatis.builder.BuilderException: Error evaluating expression 'caipan.scoreStatus!=null and caipan.scoreStatus!=-1'. Cause: org.apache.ibatis.ognl.NoSuchPropertyException: com.ashuo.scms.entity.Caipan.scoreStatus]
[31m2024-04-28 02:37:07[0;39m [32m[http-nio-8088-exec-8][0;39m [31mWARN [0;39m [1;35mo.s.w.s.m.m.a.ExceptionHandlerExceptionResolver[0;39m [logException,199]- Resolved [org.mybatis.spring.MyBatisSystemException: nested exception is org.apache.ibatis.builder.BuilderException: Error evaluating expression 'caipan.scoreStatus!=null and caipan.scoreStatus!=-1'. Cause: org.apache.ibatis.ognl.NoSuchPropertyException: com.ashuo.scms.entity.Caipan.scoreStatus]
[31m2024-04-28 02:37:14[0;39m [32m[http-nio-8088-exec-10][0;39m [31mWARN [0;39m [1;35mo.s.w.s.m.m.a.ExceptionHandlerExceptionResolver[0;39m [logException,199]- Resolved [org.mybatis.spring.MyBatisSystemException: nested exception is org.apache.ibatis.builder.BuilderException: Error evaluating expression 'caipan.scoreStatus!=null and caipan.scoreStatus!=-1'. Cause: org.apache.ibatis.ognl.NoSuchPropertyException: com.ashuo.scms.entity.Caipan.scoreStatus]
[31m2024-04-28 15:29:23[0;39m [32m[SpringContextShutdownHook][0;39m [34mINFO [0;39m [1;35mo.s.s.c.ThreadPoolTaskScheduler[0;39m [shutdown,218]- Shutting down ExecutorService 'taskScheduler'
[31m2024-04-28 15:29:23[0;39m [32m[SpringContextShutdownHook][0;39m [34mINFO [0;39m [1;35mo.s.s.c.ThreadPoolTaskExecutor[0;39m [shutdown,218]- Shutting down ExecutorService 'applicationTaskExecutor'
[31m2024-04-28 15:29:23[0;39m [32m[SpringContextShutdownHook][0;39m [34mINFO [0;39m [1;35mc.alibaba.druid.pool.DruidDataSource[0;39m [close,2032]- {dataSource-1} closing ...
[31m2024-04-28 15:29:23[0;39m [32m[SpringContextShutdownHook][0;39m [34mINFO [0;39m [1;35mc.alibaba.druid.pool.DruidDataSource[0;39m [close,2104]- {dataSource-1} closed
[31m2024-04-28 15:29:29[0;39m [32m[restartedMain][0;39m [34mINFO [0;39m [1;35mcom.ashuo.scms.ScmsApplication[0;39m [logStarting,55]- Starting ScmsApplication on LAPTOP-SPLVS3O7 with PID 19944 (D:\SCMS\scms\target\classes started by 86187 in D:\SCMS)
[31m2024-04-28 15:29:29[0;39m [32m[restartedMain][0;39m [34mINFO [0;39m [1;35mcom.ashuo.scms.ScmsApplication[0;39m [logStartupProfileInfo,651]- No active profile set, falling back to default profiles: default
[31m2024-04-28 15:29:29[0;39m [32m[restartedMain][0;39m [34mINFO [0;39m [1;35mo.s.b.d.restart.ChangeableUrls[0;39m [logTo,225]- The Class-Path manifest attribute in D:\openrepository\org\glassfish\jaxb\jaxb-runtime\2.3.2\jaxb-runtime-2.3.2.jar referenced one or more files that do not exist: file:/D:/openrepository/org/glassfish/jaxb/jaxb-runtime/2.3.2/jakarta.xml.bind-api-2.3.2.jar,file:/D:/openrepository/org/glassfish/jaxb/jaxb-runtime/2.3.2/txw2-2.3.2.jar,file:/D:/openrepository/org/glassfish/jaxb/jaxb-runtime/2.3.2/istack-commons-runtime-3.0.8.jar,file:/D:/openrepository/org/glassfish/jaxb/jaxb-runtime/2.3.2/stax-ex-1.8.1.jar,file:/D:/openrepository/org/glassfish/jaxb/jaxb-runtime/2.3.2/FastInfoset-1.2.16.jar,file:/D:/openrepository/org/glassfish/jaxb/jaxb-runtime/2.3.2/jakarta.activation-api-1.2.1.jar
[31m2024-04-28 15:29:29[0;39m [32m[restartedMain][0;39m [34mINFO [0;39m [1;35mo.s.b.d.e.DevToolsPropertyDefaultsPostProcessor[0;39m [logTo,225]- Devtools property defaults active! Set 'spring.devtools.add-properties' to 'false' to disable
[31m2024-04-28 15:29:29[0;39m [32m[restartedMain][0;39m [34mINFO [0;39m [1;35mo.s.b.d.e.DevToolsPropertyDefaultsPostProcessor[0;39m [logTo,225]- For additional web related logging consider setting the 'logging.level.web' property to 'DEBUG'
[31m2024-04-28 15:29:29[0;39m [32m[restartedMain][0;39m [31mWARN [0;39m [1;35mo.m.s.mapper.ClassPathMapperScanner[0;39m [warn,44]- No MyBatis mapper was found in '[com.ashuo.scms]' package. Please check your configuration.
[31m2024-04-28 15:29:30[0;39m [32m[restartedMain][0;39m [34mINFO [0;39m [1;35mo.s.c.s.PostProcessorRegistrationDelegate$BeanPostProcessorChecker[0;39m [postProcessAfterInitialization,330]- Bean 'shiroConfig' of type [com.ashuo.scms.config.ShiroConfig$$EnhancerBySpringCGLIB$$82b769e0] is not eligible for getting processed by all BeanPostProcessors (for example: not eligible for auto-proxying)
[31m2024-04-28 15:29:30[0;39m [32m[restartedMain][0;39m [34mINFO [0;39m [1;35mo.s.c.s.PostProcessorRegistrationDelegate$BeanPostProcessorChecker[0;39m [postProcessAfterInitialization,330]- Bean 'mybatis-plus-com.baomidou.mybatisplus.autoconfigure.MybatisPlusProperties' of type [com.baomidou.mybatisplus.autoconfigure.MybatisPlusProperties] is not eligible for getting processed by all BeanPostProcessors (for example: not eligible for auto-proxying)
[31m2024-04-28 15:29:30[0;39m [32m[restartedMain][0;39m [34mINFO [0;39m [1;35mo.s.c.s.PostProcessorRegistrationDelegate$BeanPostProcessorChecker[0;39m [postProcessAfterInitialization,330]- Bean 'mybatisPlusConfig' of type [com.ashuo.scms.config.MybatisPlusConfig$$EnhancerBySpringCGLIB$$8770cfbc] is not eligible for getting processed by all BeanPostProcessors (for example: not eligible for auto-proxying)
[31m2024-04-28 15:29:30[0;39m [32m[restartedMain][0;39m [34mINFO [0;39m [1;35mo.s.c.s.PostProcessorRegistrationDelegate$BeanPostProcessorChecker[0;39m [postProcessAfterInitialization,330]- Bean 'paginationInterceptor' of type [com.baomidou.mybatisplus.extension.plugins.PaginationInterceptor] is not eligible for getting processed by all BeanPostProcessors (for example: not eligible for auto-proxying)
[31m2024-04-28 15:29:30[0;39m [32m[restartedMain][0;39m [34mINFO [0;39m [1;35mo.s.c.s.PostProcessorRegistrationDelegate$BeanPostProcessorChecker[0;39m [postProcessAfterInitialization,330]- Bean 'com.baomidou.mybatisplus.autoconfigure.MybatisPlusAutoConfiguration' of type [com.baomidou.mybatisplus.autoconfigure.MybatisPlusAutoConfiguration$$EnhancerBySpringCGLIB$$5e50f7e1] is not eligible for getting processed by all BeanPostProcessors (for example: not eligible for auto-proxying)
[31m2024-04-28 15:29:30[0;39m [32m[restartedMain][0;39m [34mINFO [0;39m [1;35mo.s.c.s.PostProcessorRegistrationDelegate$BeanPostProcessorChecker[0;39m [postProcessAfterInitialization,330]- Bean 'com.alibaba.druid.spring.boot.autoconfigure.DruidDataSourceAutoConfigure' of type [com.alibaba.druid.spring.boot.autoconfigure.DruidDataSourceAutoConfigure$$EnhancerBySpringCGLIB$$3a3480b9] is not eligible for getting processed by all BeanPostProcessors (for example: not eligible for auto-proxying)
[31m2024-04-28 15:29:30[0;39m [32m[restartedMain][0;39m [34mINFO [0;39m [1;35mc.a.d.s.b.a.DruidDataSourceAutoConfigure[0;39m [dataSource,56]- Init DruidDataSource
[31m2024-04-28 15:29:30[0;39m [32m[restartedMain][0;39m [34mINFO [0;39m [1;35mo.s.c.s.PostProcessorRegistrationDelegate$BeanPostProcessorChecker[0;39m [postProcessAfterInitialization,330]- Bean 'spring.datasource-org.springframework.boot.autoconfigure.jdbc.DataSourceProperties' of type [org.springframework.boot.autoconfigure.jdbc.DataSourceProperties] is not eligible for getting processed by all BeanPostProcessors (for example: not eligible for auto-proxying)
[31m2024-04-28 15:29:30[0;39m [32m[restartedMain][0;39m [34mINFO [0;39m [1;35mc.alibaba.druid.pool.DruidDataSource[0;39m [init,985]- {dataSource-1} inited
[31m2024-04-28 15:29:30[0;39m [32m[restartedMain][0;39m [34mINFO [0;39m [1;35mo.s.c.s.PostProcessorRegistrationDelegate$BeanPostProcessorChecker[0;39m [postProcessAfterInitialization,330]- Bean 'dataSource' of type [com.alibaba.druid.spring.boot.autoconfigure.DruidDataSourceWrapper] is not eligible for getting processed by all BeanPostProcessors (for example: not eligible for auto-proxying)
[31m2024-04-28 15:29:31[0;39m [32m[restartedMain][0;39m [34mINFO [0;39m [1;35mo.s.c.s.PostProcessorRegistrationDelegate$BeanPostProcessorChecker[0;39m [postProcessAfterInitialization,330]- Bean 'sqlSessionFactory' of type [org.apache.ibatis.session.defaults.DefaultSqlSessionFactory] is not eligible for getting processed by all BeanPostProcessors (for example: not eligible for auto-proxying)
[31m2024-04-28 15:29:31[0;39m [32m[restartedMain][0;39m [34mINFO [0;39m [1;35mo.s.c.s.PostProcessorRegistrationDelegate$BeanPostProcessorChecker[0;39m [postProcessAfterInitialization,330]- Bean 'sqlSessionTemplate' of type [org.mybatis.spring.SqlSessionTemplate] is not eligible for getting processed by all BeanPostProcessors (for example: not eligible for auto-proxying)
[31m2024-04-28 15:29:31[0;39m [32m[restartedMain][0;39m [34mINFO [0;39m [1;35mo.s.c.s.PostProcessorRegistrationDelegate$BeanPostProcessorChecker[0;39m [postProcessAfterInitialization,330]- Bean 'userMapper' of type [org.mybatis.spring.mapper.MapperFactoryBean] is not eligible for getting processed by all BeanPostProcessors (for example: not eligible for auto-proxying)
[31m2024-04-28 15:29:31[0;39m [32m[restartedMain][0;39m [34mINFO [0;39m [1;35mo.s.c.s.PostProcessorRegistrationDelegate$BeanPostProcessorChecker[0;39m [postProcessAfterInitialization,330]- Bean 'userMapper' of type [jdk.proxy3.$Proxy85] is not eligible for getting processed by all BeanPostProcessors (for example: not eligible for auto-proxying)
[31m2024-04-28 15:29:31[0;39m [32m[restartedMain][0;39m [34mINFO [0;39m [1;35mo.s.c.s.PostProcessorRegistrationDelegate$BeanPostProcessorChecker[0;39m [postProcessAfterInitialization,330]- Bean 'userServiceImpl' of type [com.ashuo.scms.service.impl.UserServiceImpl] is not eligible for getting processed by all BeanPostProcessors (for example: not eligible for auto-proxying)
[31m2024-04-28 15:29:31[0;39m [32m[restartedMain][0;39m [34mINFO [0;39m [1;35mo.s.c.s.PostProcessorRegistrationDelegate$BeanPostProcessorChecker[0;39m [postProcessAfterInitialization,330]- Bean 'accountRealm' of type [com.ashuo.scms.shiro.AccountRealm] is not eligible for getting processed by all BeanPostProcessors (for example: not eligible for auto-proxying)
[31m2024-04-28 15:29:31[0;39m [32m[restartedMain][0;39m [34mINFO [0;39m [1;35mo.s.c.s.PostProcessorRegistrationDelegate$BeanPostProcessorChecker[0;39m [postProcessAfterInitialization,330]- Bean 'securityManager' of type [org.apache.shiro.web.mgt.DefaultWebSecurityManager] is not eligible for getting processed by all BeanPostProcessors (for example: not eligible for auto-proxying)
[31m2024-04-28 15:29:31[0;39m [32m[restartedMain][0;39m [34mINFO [0;39m [1;35mo.s.c.s.PostProcessorRegistrationDelegate$BeanPostProcessorChecker[0;39m [postProcessAfterInitialization,330]- Bean 'authorizationAttributeSourceAdvisor' of type [org.apache.shiro.spring.security.interceptor.AuthorizationAttributeSourceAdvisor] is not eligible for getting processed by all BeanPostProcessors (for example: not eligible for auto-proxying)
[31m2024-04-28 15:29:31[0;39m [32m[restartedMain][0;39m [34mINFO [0;39m [1;35mo.s.b.w.e.tomcat.TomcatWebServer[0;39m [initialize,92]- Tomcat initialized with port(s): 8088 (http)
[31m2024-04-28 15:29:31[0;39m [32m[restartedMain][0;39m [34mINFO [0;39m [1;35mo.a.coyote.http11.Http11NioProtocol[0;39m [log,173]- Initializing ProtocolHandler ["http-nio-8088"]
[31m2024-04-28 15:29:31[0;39m [32m[restartedMain][0;39m [34mINFO [0;39m [1;35mo.a.catalina.core.StandardService[0;39m [log,173]- Starting service [Tomcat]
[31m2024-04-28 15:29:31[0;39m [32m[restartedMain][0;39m [34mINFO [0;39m [1;35mo.a.catalina.core.StandardEngine[0;39m [log,173]- Starting Servlet engine: [Apache Tomcat/9.0.33]
[31m2024-04-28 15:29:31[0;39m [32m[restartedMain][0;39m [34mINFO [0;39m [1;35mo.a.c.core.AprLifecycleListener[0;39m [log,173]- Loaded APR based Apache Tomcat Native library [1.2.36] using APR version [1.7.2].
[31m2024-04-28 15:29:31[0;39m [32m[restartedMain][0;39m [34mINFO [0;39m [1;35mo.a.c.core.AprLifecycleListener[0;39m [log,173]- APR capabilities: IPv6 [true], sendfile [true], accept filters [false], random [true].
[31m2024-04-28 15:29:31[0;39m [32m[restartedMain][0;39m [34mINFO [0;39m [1;35mo.a.c.core.AprLifecycleListener[0;39m [log,173]- APR/OpenSSL configuration: useAprConnector [false], useOpenSSL [true]
[31m2024-04-28 15:29:31[0;39m [32m[restartedMain][0;39m [34mINFO [0;39m [1;35mo.a.c.core.AprLifecycleListener[0;39m [log,173]- OpenSSL successfully initialized [OpenSSL 1.1.1t  7 Feb 2023]
[31m2024-04-28 15:29:31[0;39m [32m[restartedMain][0;39m [34mINFO [0;39m [1;35mo.a.c.c.C.[Tomcat].[localhost].[/][0;39m [log,173]- Initializing Spring embedded WebApplicationContext
[31m2024-04-28 15:29:31[0;39m [32m[restartedMain][0;39m [34mINFO [0;39m [1;35mo.s.web.context.ContextLoader[0;39m [prepareWebApplicationContext,284]- Root WebApplicationContext: initialization completed in 2349 ms
[31m2024-04-28 15:29:32[0;39m [32m[restartedMain][0;39m [34mINFO [0;39m [1;35ms.d.s.w.PropertySourcedRequestMappingHandlerMapping[0;39m [initHandlerMethods,69]- Mapped URL path [/v2/api-docs] onto method [springfox.documentation.swagger2.web.Swagger2Controller#getDocumentation(String, HttpServletRequest)]
[31m2024-04-28 15:29:32[0;39m [32m[restartedMain][0;39m [34mINFO [0;39m [1;35mo.s.s.c.ThreadPoolTaskExecutor[0;39m [initialize,181]- Initializing ExecutorService 'applicationTaskExecutor'
[31m2024-04-28 15:29:32[0;39m [32m[restartedMain][0;39m [34mINFO [0;39m [1;35mo.s.b.d.a.OptionalLiveReloadServer[0;39m [startServer,58]- LiveReload server is running on port 35729
[31m2024-04-28 15:29:32[0;39m [32m[restartedMain][0;39m [34mINFO [0;39m [1;35mo.s.s.c.ThreadPoolTaskScheduler[0;39m [initialize,181]- Initializing ExecutorService 'taskScheduler'
[31m2024-04-28 15:29:32[0;39m [32m[restartedMain][0;39m [34mINFO [0;39m [1;35ms.d.s.w.p.DocumentationPluginsBootstrapper[0;39m [start,160]- Context refreshed
[31m2024-04-28 15:29:32[0;39m [32m[restartedMain][0;39m [34mINFO [0;39m [1;35ms.d.s.w.p.DocumentationPluginsBootstrapper[0;39m [start,163]- Found 1 custom documentation plugin(s)
[31m2024-04-28 15:29:32[0;39m [32m[restartedMain][0;39m [34mINFO [0;39m [1;35ms.d.s.w.s.ApiListingReferenceScanner[0;39m [scan,41]- Scanning for api listing references
[31m2024-04-28 15:29:32[0;39m [32m[restartedMain][0;39m [31mWARN [0;39m [1;35ms.d.s.w.r.p.ParameterDataTypeReader[0;39m [apply,92]- Trying to infer dataType java.lang.Integer[]
[31m2024-04-28 15:29:32[0;39m [32m[restartedMain][0;39m [31mWARN [0;39m [1;35ms.d.s.w.r.p.ParameterDataTypeReader[0;39m [apply,92]- Trying to infer dataType java.lang.Integer[]
[31m2024-04-28 15:29:32[0;39m [32m[restartedMain][0;39m [31mWARN [0;39m [1;35ms.d.s.w.r.p.ParameterDataTypeReader[0;39m [apply,92]- Trying to infer dataType java.lang.Integer[]
[31m2024-04-28 15:29:32[0;39m [32m[restartedMain][0;39m [31mWARN [0;39m [1;35ms.d.s.w.r.p.ParameterDataTypeReader[0;39m [apply,92]- Trying to infer dataType java.lang.Integer[]
[31m2024-04-28 15:29:32[0;39m [32m[restartedMain][0;39m [31mWARN [0;39m [1;35ms.d.s.w.r.p.ParameterDataTypeReader[0;39m [apply,92]- Trying to infer dataType java.lang.Integer[]
[31m2024-04-28 15:29:32[0;39m [32m[restartedMain][0;39m [31mWARN [0;39m [1;35ms.d.s.w.r.p.ParameterDataTypeReader[0;39m [apply,92]- Trying to infer dataType java.lang.Integer[]
[31m2024-04-28 15:29:32[0;39m [32m[restartedMain][0;39m [31mWARN [0;39m [1;35ms.d.s.w.r.p.ParameterDataTypeReader[0;39m [apply,92]- Trying to infer dataType java.lang.Integer[]
[31m2024-04-28 15:29:32[0;39m [32m[restartedMain][0;39m [31mWARN [0;39m [1;35ms.d.s.w.r.p.ParameterDataTypeReader[0;39m [apply,92]- Trying to infer dataType java.lang.Integer[]
[31m2024-04-28 15:29:32[0;39m [32m[restartedMain][0;39m [34mINFO [0;39m [1;35mo.a.coyote.http11.Http11NioProtocol[0;39m [log,173]- Starting ProtocolHandler ["http-nio-8088"]
[31m2024-04-28 15:29:32[0;39m [32m[restartedMain][0;39m [34mINFO [0;39m [1;35mo.s.b.w.e.tomcat.TomcatWebServer[0;39m [start,204]- Tomcat started on port(s): 8088 (http) with context path ''
[31m2024-04-28 15:29:32[0;39m [32m[restartedMain][0;39m [34mINFO [0;39m [1;35mcom.ashuo.scms.ScmsApplication[0;39m [logStarted,61]- Started ScmsApplication in 3.967 seconds (JVM running for 5.038)
[31m2024-04-28 15:30:51[0;39m [32m[http-nio-8088-exec-1][0;39m [34mINFO [0;39m [1;35mo.a.c.c.C.[Tomcat].[localhost].[/][0;39m [log,173]- Initializing Spring DispatcherServlet 'dispatcherServlet'
[31m2024-04-28 15:30:51[0;39m [32m[http-nio-8088-exec-1][0;39m [34mINFO [0;39m [1;35mo.s.web.servlet.DispatcherServlet[0;39m [initServletBean,525]- Initializing Servlet 'dispatcherServlet'
[31m2024-04-28 15:30:51[0;39m [32m[http-nio-8088-exec-1][0;39m [34mINFO [0;39m [1;35mo.s.web.servlet.DispatcherServlet[0;39m [initServletBean,547]- Completed initialization in 7 ms
